{"C:\\Users\\marku\\SoftwareProjects\\University\\tastyplan\\api\\src\\auth\\auth.controller.ts": {"path":"C:\\Users\\marku\\SoftwareProjects\\University\\tastyplan\\api\\src\\auth\\auth.controller.ts","statementMap":{"0":{"start":{"line":1,"column":0},"end":{"line":1,"column":53}},"1":{"start":{"line":2,"column":0},"end":{"line":2,"column":65}},"2":{"start":{"line":3,"column":0},"end":{"line":3,"column":92}},"3":{"start":{"line":6,"column":0},"end":{"line":6,"column":42}},"4":{"start":{"line":7,"column":0},"end":{"line":7,"column":104}},"5":{"start":{"line":11,"column":7},"end":{"line":67,"column":null}},"6":{"start":{"line":12,"column":33},"end":{"line":12,"column":46}},"7":{"start":{"line":17,"column":8},"end":{"line":34,"column":9}},"8":{"start":{"line":19,"column":25},"end":{"line":19,"column":45}},"9":{"start":{"line":20,"column":43},"end":{"line":20,"column":55}},"10":{"start":{"line":22,"column":12},"end":{"line":26,"column":13}},"11":{"start":{"line":23,"column":16},"end":{"line":23,"column":82}},"12":{"start":{"line":25,"column":16},"end":{"line":25,"column":66}},"13":{"start":{"line":28,"column":12},"end":{"line":30,"column":13}},"14":{"start":{"line":29,"column":16},"end":{"line":29,"column":80}},"15":{"start":{"line":31,"column":12},"end":{"line":31,"column":59}},"16":{"start":{"line":33,"column":12},"end":{"line":33,"column":87}},"17":{"start":{"line":39,"column":8},"end":{"line":45,"column":9}},"18":{"start":{"line":40,"column":36},"end":{"line":40,"column":78}},"19":{"start":{"line":41,"column":28},"end":{"line":41,"column":49}},"20":{"start":{"line":42,"column":12},"end":{"line":42,"column":45}},"21":{"start":{"line":44,"column":12},"end":{"line":44,"column":87}},"22":{"start":{"line":50,"column":8},"end":{"line":56,"column":9}},"23":{"start":{"line":51,"column":36},"end":{"line":51,"column":90}},"24":{"start":{"line":52,"column":28},"end":{"line":52,"column":49}},"25":{"start":{"line":53,"column":12},"end":{"line":53,"column":45}},"26":{"start":{"line":55,"column":12},"end":{"line":55,"column":87}},"27":{"start":{"line":61,"column":8},"end":{"line":65,"column":9}},"28":{"start":{"line":62,"column":12},"end":{"line":62,"column":54}},"29":{"start":{"line":64,"column":12},"end":{"line":64,"column":87}},"30":{"start":{"line":11,"column":13},"end":{"line":11,"column":27}},"31":{"start":{"line":16,"column":17},"end":{"line":35,"column":null}},"32":{"start":{"line":38,"column":17},"end":{"line":46,"column":null}},"33":{"start":{"line":49,"column":17},"end":{"line":57,"column":null}},"34":{"start":{"line":60,"column":17},"end":{"line":66,"column":null}},"35":{"start":{"line":11,"column":13},"end":{"line":67,"column":null}}},"fnMap":{"0":{"name":"(anonymous_4)","decl":{"start":{"line":12,"column":4},"end":{"line":12,"column":33}},"loc":{"start":{"line":12,"column":57},"end":{"line":12,"column":61}}},"1":{"name":"(anonymous_5)","decl":{"start":{"line":16,"column":11},"end":{"line":16,"column":16}},"loc":{"start":{"line":16,"column":76},"end":{"line":35,"column":5}}},"2":{"name":"(anonymous_6)","decl":{"start":{"line":38,"column":11},"end":{"line":38,"column":16}},"loc":{"start":{"line":38,"column":84},"end":{"line":46,"column":5}}},"3":{"name":"(anonymous_7)","decl":{"start":{"line":49,"column":11},"end":{"line":49,"column":16}},"loc":{"start":{"line":49,"column":98},"end":{"line":57,"column":5}}},"4":{"name":"(anonymous_8)","decl":{"start":{"line":60,"column":11},"end":{"line":60,"column":16}},"loc":{"start":{"line":60,"column":49},"end":{"line":66,"column":5}}}},"branchMap":{"0":{"loc":{"start":{"line":22,"column":12},"end":{"line":26,"column":13}},"type":"if","locations":[{"start":{"line":22,"column":12},"end":{"line":26,"column":13}},{"start":{"line":24,"column":19},"end":{"line":26,"column":13}}]},"1":{"loc":{"start":{"line":22,"column":16},"end":{"line":22,"column":45}},"type":"binary-expr","locations":[{"start":{"line":22,"column":16},"end":{"line":22,"column":20}},{"start":{"line":22,"column":24},"end":{"line":22,"column":45}}]},"2":{"loc":{"start":{"line":28,"column":12},"end":{"line":30,"column":13}},"type":"if","locations":[{"start":{"line":28,"column":12},"end":{"line":30,"column":13}}]}},"s":{"0":1,"1":1,"2":1,"3":1,"4":1,"5":1,"6":4,"7":0,"8":0,"9":0,"10":0,"11":0,"12":0,"13":0,"14":0,"15":0,"16":0,"17":1,"18":1,"19":1,"20":1,"21":0,"22":1,"23":1,"24":1,"25":1,"26":0,"27":1,"28":1,"29":0,"30":1,"31":1,"32":1,"33":1,"34":1,"35":1},"f":{"0":4,"1":0,"2":1,"3":1,"4":1},"b":{"0":[0,0],"1":[0,0],"2":[0]}}
,"C:\\Users\\marku\\SoftwareProjects\\University\\tastyplan\\api\\src\\auth\\auth.service.ts": {"path":"C:\\Users\\marku\\SoftwareProjects\\University\\tastyplan\\api\\src\\auth\\auth.service.ts","statementMap":{"0":{"start":{"line":3,"column":0},"end":{"line":3,"column":68}},"1":{"start":{"line":6,"column":0},"end":{"line":6,"column":41}},"2":{"start":{"line":7,"column":0},"end":{"line":7,"column":71}},"3":{"start":{"line":15,"column":7},"end":{"line":83,"column":null}},"4":{"start":{"line":16,"column":33},"end":{"line":16,"column":45}},"5":{"start":{"line":16,"column":74},"end":{"line":16,"column":88}},"6":{"start":{"line":19,"column":8},"end":{"line":28,"column":9}},"7":{"start":{"line":20,"column":25},"end":{"line":20,"column":76}},"8":{"start":{"line":21,"column":26},"end":{"line":21,"column":49}},"9":{"start":{"line":22,"column":12},"end":{"line":22,"column":41}},"10":{"start":{"line":24,"column":12},"end":{"line":27,"column":14}},"11":{"start":{"line":32,"column":41},"end":{"line":35,"column":10}},"12":{"start":{"line":36,"column":8},"end":{"line":43,"column":9}},"13":{"start":{"line":37,"column":12},"end":{"line":37,"column":81}},"14":{"start":{"line":39,"column":12},"end":{"line":42,"column":14}},"15":{"start":{"line":44,"column":8},"end":{"line":44,"column":22}},"16":{"start":{"line":47,"column":43},"end":{"line":50,"column":10}},"17":{"start":{"line":52,"column":8},"end":{"line":52,"column":62}},"18":{"start":{"line":54,"column":8},"end":{"line":54,"column":22}},"19":{"start":{"line":59,"column":21},"end":{"line":59,"column":70}},"20":{"start":{"line":62,"column":22},"end":{"line":62,"column":45}},"21":{"start":{"line":64,"column":8},"end":{"line":64,"column":37}},"22":{"start":{"line":68,"column":33},"end":{"line":68,"column":43}},"23":{"start":{"line":69,"column":30},"end":{"line":69,"column":56}},"24":{"start":{"line":70,"column":8},"end":{"line":73,"column":10}},"25":{"start":{"line":77,"column":21},"end":{"line":77,"column":67}},"26":{"start":{"line":78,"column":8},"end":{"line":80,"column":9}},"27":{"start":{"line":79,"column":12},"end":{"line":79,"column":78}},"28":{"start":{"line":81,"column":8},"end":{"line":81,"column":20}},"29":{"start":{"line":15,"column":13},"end":{"line":15,"column":24}},"30":{"start":{"line":15,"column":13},"end":{"line":83,"column":null}}},"fnMap":{"0":{"name":"(anonymous_2)","decl":{"start":{"line":16,"column":4},"end":{"line":16,"column":33}},"loc":{"start":{"line":16,"column":100},"end":{"line":16,"column":104}}},"1":{"name":"(anonymous_3)","decl":{"start":{"line":18,"column":4},"end":{"line":18,"column":9}},"loc":{"start":{"line":18,"column":56},"end":{"line":29,"column":5}}},"2":{"name":"(anonymous_4)","decl":{"start":{"line":31,"column":4},"end":{"line":31,"column":9}},"loc":{"start":{"line":31,"column":63},"end":{"line":45,"column":5}}},"3":{"name":"(anonymous_5)","decl":{"start":{"line":46,"column":4},"end":{"line":46,"column":9}},"loc":{"start":{"line":46,"column":41},"end":{"line":55,"column":5}}},"4":{"name":"(anonymous_6)","decl":{"start":{"line":57,"column":4},"end":{"line":57,"column":9}},"loc":{"start":{"line":57,"column":42},"end":{"line":65,"column":5}}},"5":{"name":"(anonymous_7)","decl":{"start":{"line":67,"column":12},"end":{"line":67,"column":24}},"loc":{"start":{"line":67,"column":48},"end":{"line":74,"column":5}}},"6":{"name":"(anonymous_8)","decl":{"start":{"line":76,"column":4},"end":{"line":76,"column":9}},"loc":{"start":{"line":76,"column":42},"end":{"line":82,"column":5}}}},"branchMap":{"0":{"loc":{"start":{"line":78,"column":8},"end":{"line":80,"column":9}},"type":"if","locations":[{"start":{"line":78,"column":8},"end":{"line":80,"column":9}}]}},"s":{"0":2,"1":2,"2":2,"3":2,"4":5,"5":5,"6":1,"7":1,"8":1,"9":1,"10":0,"11":0,"12":0,"13":0,"14":0,"15":0,"16":2,"17":2,"18":2,"19":1,"20":1,"21":1,"22":2,"23":2,"24":2,"25":0,"26":0,"27":0,"28":0,"29":2,"30":2},"f":{"0":5,"1":1,"2":0,"3":2,"4":1,"5":2,"6":0},"b":{"0":[0]}}
,"C:\\Users\\marku\\SoftwareProjects\\University\\tastyplan\\api\\src\\auth\\jwt-auth.guard.ts": {"path":"C:\\Users\\marku\\SoftwareProjects\\University\\tastyplan\\api\\src\\auth\\jwt-auth.guard.ts","statementMap":{"0":{"start":{"line":1,"column":0},"end":{"line":1,"column":45}},"1":{"start":{"line":2,"column":0},"end":{"line":2,"column":62}},"2":{"start":{"line":5,"column":7},"end":{"line":5,"column":null}},"3":{"start":{"line":5,"column":13},"end":{"line":5,"column":25}},"4":{"start":{"line":5,"column":13},"end":{"line":5,"column":null}},"5":{"start":{"line":8,"column":7},"end":{"line":13,"column":null}},"6":{"start":{"line":11,"column":8},"end":{"line":11,"column":20}},"7":{"start":{"line":8,"column":13},"end":{"line":8,"column":30}},"8":{"start":{"line":8,"column":13},"end":{"line":13,"column":null}}},"fnMap":{"0":{"name":"(anonymous_1)","decl":{"start":{"line":10,"column":4},"end":{"line":10,"column":17}},"loc":{"start":{"line":10,"column":75},"end":{"line":12,"column":5}}}},"branchMap":{},"s":{"0":5,"1":5,"2":5,"3":5,"4":5,"5":5,"6":0,"7":5,"8":5},"f":{"0":0},"b":{}}
,"C:\\Users\\marku\\SoftwareProjects\\University\\tastyplan\\api\\src\\cronjobs\\cronjobs\\cronjobs.service.ts": {"path":"C:\\Users\\marku\\SoftwareProjects\\University\\tastyplan\\api\\src\\cronjobs\\cronjobs\\cronjobs.service.ts","statementMap":{"0":{"start":{"line":1,"column":0},"end":{"line":1,"column":53}},"1":{"start":{"line":2,"column":0},"end":{"line":2,"column":64}},"2":{"start":{"line":3,"column":0},"end":{"line":3,"column":40}},"3":{"start":{"line":4,"column":0},"end":{"line":4,"column":44}},"4":{"start":{"line":7,"column":7},"end":{"line":37,"column":null}},"5":{"start":{"line":8,"column":24},"end":{"line":8,"column":41}},"6":{"start":{"line":8,"column":66},"end":{"line":8,"column":83}},"7":{"start":{"line":12,"column":8},"end":{"line":12,"column":73}},"8":{"start":{"line":13,"column":25},"end":{"line":13,"column":69}},"9":{"start":{"line":14,"column":8},"end":{"line":27,"column":9}},"10":{"start":{"line":15,"column":36},"end":{"line":15,"column":83}},"11":{"start":{"line":16,"column":33},"end":{"line":16,"column":58}},"12":{"start":{"line":17,"column":12},"end":{"line":17,"column":61}},"13":{"start":{"line":18,"column":12},"end":{"line":18,"column":46}},"14":{"start":{"line":19,"column":12},"end":{"line":26,"column":13}},"15":{"start":{"line":20,"column":16},"end":{"line":25,"column":17}},"16":{"start":{"line":21,"column":20},"end":{"line":21,"column":67}},"17":{"start":{"line":22,"column":20},"end":{"line":22,"column":86}},"18":{"start":{"line":24,"column":20},"end":{"line":24,"column":102}},"19":{"start":{"line":28,"column":8},"end":{"line":28,"column":71}},"20":{"start":{"line":32,"column":29},"end":{"line":32,"column":39}},"21":{"start":{"line":33,"column":8},"end":{"line":33,"column":57}},"22":{"start":{"line":34,"column":8},"end":{"line":34,"column":42}},"23":{"start":{"line":35,"column":8},"end":{"line":35,"column":28}},"24":{"start":{"line":7,"column":13},"end":{"line":7,"column":28}},"25":{"start":{"line":11,"column":10},"end":{"line":29,"column":null}},"26":{"start":{"line":7,"column":13},"end":{"line":37,"column":null}}},"fnMap":{"0":{"name":"(anonymous_2)","decl":{"start":{"line":8,"column":4},"end":{"line":8,"column":24}},"loc":{"start":{"line":8,"column":98},"end":{"line":8,"column":102}}},"1":{"name":"(anonymous_3)","decl":{"start":{"line":11,"column":4},"end":{"line":11,"column":9}},"loc":{"start":{"line":11,"column":20},"end":{"line":29,"column":5}}},"2":{"name":"(anonymous_4)","decl":{"start":{"line":31,"column":4},"end":{"line":31,"column":22}},"loc":{"start":{"line":31,"column":22},"end":{"line":36,"column":5}}}},"branchMap":{"0":{"loc":{"start":{"line":19,"column":12},"end":{"line":26,"column":13}},"type":"if","locations":[{"start":{"line":19,"column":12},"end":{"line":26,"column":13}}]}},"s":{"0":0,"1":0,"2":0,"3":0,"4":0,"5":0,"6":0,"7":0,"8":0,"9":0,"10":0,"11":0,"12":0,"13":0,"14":0,"15":0,"16":0,"17":0,"18":0,"19":0,"20":0,"21":0,"22":0,"23":0,"24":0,"25":0,"26":0},"f":{"0":0,"1":0,"2":0},"b":{"0":[0]}}
,"C:\\Users\\marku\\SoftwareProjects\\University\\tastyplan\\api\\src\\favorites\\favorites.controller.ts": {"path":"C:\\Users\\marku\\SoftwareProjects\\University\\tastyplan\\api\\src\\favorites\\favorites.controller.ts","statementMap":{"0":{"start":{"line":1,"column":0},"end":{"line":1,"column":55}},"1":{"start":{"line":2,"column":0},"end":{"line":2,"column":56}},"2":{"start":{"line":4,"column":0},"end":{"line":4,"column":55}},"3":{"start":{"line":6,"column":0},"end":{"line":6,"column":46}},"4":{"start":{"line":7,"column":0},"end":{"line":7,"column":null}},"5":{"start":{"line":21,"column":7},"end":{"line":49,"column":null}},"6":{"start":{"line":22,"column":33},"end":{"line":22,"column":51}},"7":{"start":{"line":29,"column":8},"end":{"line":34,"column":9}},"8":{"start":{"line":30,"column":25},"end":{"line":30,"column":45}},"9":{"start":{"line":31,"column":12},"end":{"line":31,"column":81}},"10":{"start":{"line":33,"column":12},"end":{"line":33,"column":87}},"11":{"start":{"line":42,"column":8},"end":{"line":47,"column":9}},"12":{"start":{"line":43,"column":25},"end":{"line":43,"column":45}},"13":{"start":{"line":44,"column":12},"end":{"line":44,"column":64}},"14":{"start":{"line":46,"column":12},"end":{"line":46,"column":87}},"15":{"start":{"line":21,"column":13},"end":{"line":21,"column":32}},"16":{"start":{"line":28,"column":10},"end":{"line":35,"column":null}},"17":{"start":{"line":41,"column":10},"end":{"line":48,"column":null}},"18":{"start":{"line":21,"column":13},"end":{"line":49,"column":null}}},"fnMap":{"0":{"name":"(anonymous_4)","decl":{"start":{"line":22,"column":4},"end":{"line":22,"column":33}},"loc":{"start":{"line":22,"column":67},"end":{"line":22,"column":71}}},"1":{"name":"(anonymous_5)","decl":{"start":{"line":28,"column":4},"end":{"line":28,"column":9}},"loc":{"start":{"line":28,"column":93},"end":{"line":35,"column":5}}},"2":{"name":"(anonymous_6)","decl":{"start":{"line":41,"column":4},"end":{"line":41,"column":9}},"loc":{"start":{"line":41,"column":49},"end":{"line":48,"column":5}}}},"branchMap":{},"s":{"0":1,"1":1,"2":1,"3":1,"4":1,"5":1,"6":4,"7":2,"8":2,"9":2,"10":1,"11":2,"12":2,"13":2,"14":1,"15":1,"16":1,"17":1,"18":1},"f":{"0":4,"1":2,"2":2},"b":{}}
,"C:\\Users\\marku\\SoftwareProjects\\University\\tastyplan\\api\\src\\favorites\\favorites.service.ts": {"path":"C:\\Users\\marku\\SoftwareProjects\\University\\tastyplan\\api\\src\\favorites\\favorites.service.ts","statementMap":{"0":{"start":{"line":1,"column":0},"end":{"line":1,"column":55}},"1":{"start":{"line":4,"column":0},"end":{"line":4,"column":44}},"2":{"start":{"line":7,"column":7},"end":{"line":34,"column":null}},"3":{"start":{"line":8,"column":24},"end":{"line":8,"column":42}},"4":{"start":{"line":14,"column":22},"end":{"line":14,"column":115}},"5":{"start":{"line":16,"column":8},"end":{"line":20,"column":9}},"6":{"start":{"line":17,"column":12},"end":{"line":17,"column":108}},"7":{"start":{"line":19,"column":12},"end":{"line":19,"column":38}},"8":{"start":{"line":21,"column":8},"end":{"line":21,"column":99}},"9":{"start":{"line":22,"column":8},"end":{"line":22,"column":36}},"10":{"start":{"line":26,"column":8},"end":{"line":26,"column":74}},"11":{"start":{"line":30,"column":26},"end":{"line":30,"column":50}},"12":{"start":{"line":31,"column":24},"end":{"line":31,"column":68}},"13":{"start":{"line":31,"column":52},"end":{"line":31,"column":67}},"14":{"start":{"line":32,"column":8},"end":{"line":32,"column":23}},"15":{"start":{"line":7,"column":13},"end":{"line":7,"column":29}},"16":{"start":{"line":7,"column":13},"end":{"line":34,"column":null}}},"fnMap":{"0":{"name":"(anonymous_2)","decl":{"start":{"line":8,"column":4},"end":{"line":8,"column":24}},"loc":{"start":{"line":8,"column":58},"end":{"line":8,"column":62}}},"1":{"name":"(anonymous_3)","decl":{"start":{"line":13,"column":4},"end":{"line":13,"column":9}},"loc":{"start":{"line":13,"column":64},"end":{"line":23,"column":5}}},"2":{"name":"(anonymous_4)","decl":{"start":{"line":25,"column":4},"end":{"line":25,"column":9}},"loc":{"start":{"line":25,"column":28},"end":{"line":27,"column":5}}},"3":{"name":"(anonymous_5)","decl":{"start":{"line":29,"column":4},"end":{"line":29,"column":9}},"loc":{"start":{"line":29,"column":37},"end":{"line":33,"column":5}}},"4":{"name":"(anonymous_6)","decl":{"start":{"line":31,"column":38},"end":{"line":31,"column":39}},"loc":{"start":{"line":31,"column":52},"end":{"line":31,"column":67}}}},"branchMap":{"0":{"loc":{"start":{"line":16,"column":8},"end":{"line":20,"column":9}},"type":"if","locations":[{"start":{"line":16,"column":8},"end":{"line":20,"column":9}}]}},"s":{"0":2,"1":2,"2":2,"3":5,"4":4,"5":4,"6":1,"7":1,"8":3,"9":3,"10":1,"11":0,"12":0,"13":0,"14":0,"15":2,"16":2},"f":{"0":5,"1":4,"2":1,"3":0,"4":0},"b":{"0":[1]}}
,"C:\\Users\\marku\\SoftwareProjects\\University\\tastyplan\\api\\src\\health\\health.controller.ts": {"path":"C:\\Users\\marku\\SoftwareProjects\\University\\tastyplan\\api\\src\\health\\health.controller.ts","statementMap":{"0":{"start":{"line":1,"column":0},"end":{"line":1,"column":56}},"1":{"start":{"line":2,"column":0},"end":{"line":2,"column":67}},"2":{"start":{"line":3,"column":0},"end":{"line":3,"column":49}},"3":{"start":{"line":6,"column":7},"end":{"line":17,"column":null}},"4":{"start":{"line":8,"column":25},"end":{"line":8,"column":33}},"5":{"start":{"line":9,"column":25},"end":{"line":9,"column":48}},"6":{"start":{"line":15,"column":8},"end":{"line":15,"column":81}},"7":{"start":{"line":15,"column":40},"end":{"line":15,"column":78}},"8":{"start":{"line":6,"column":13},"end":{"line":6,"column":29}},"9":{"start":{"line":14,"column":4},"end":{"line":16,"column":null}},"10":{"start":{"line":6,"column":13},"end":{"line":17,"column":null}}},"fnMap":{"0":{"name":"(anonymous_2)","decl":{"start":{"line":7,"column":4},"end":{"line":7,"column":null}},"loc":{"start":{"line":9,"column":69},"end":{"line":10,"column":8}}},"1":{"name":"(anonymous_3)","decl":{"start":{"line":14,"column":4},"end":{"line":14,"column":15}},"loc":{"start":{"line":14,"column":15},"end":{"line":16,"column":5}}},"2":{"name":"(anonymous_4)","decl":{"start":{"line":15,"column":34},"end":{"line":15,"column":37}},"loc":{"start":{"line":15,"column":40},"end":{"line":15,"column":78}}}},"branchMap":{},"s":{"0":0,"1":0,"2":0,"3":0,"4":0,"5":0,"6":0,"7":0,"8":0,"9":0,"10":0},"f":{"0":0,"1":0,"2":0},"b":{}}
,"C:\\Users\\marku\\SoftwareProjects\\University\\tastyplan\\api\\src\\helpers\\MatchingPrep.ts": {"path":"C:\\Users\\marku\\SoftwareProjects\\University\\tastyplan\\api\\src\\helpers\\MatchingPrep.ts","statementMap":{"0":{"start":{"line":1,"column":18},"end":{"line":23,"column":2}},"1":{"start":{"line":26,"column":22},"end":{"line":26,"column":39}},"2":{"start":{"line":27,"column":32},"end":{"line":27,"column":62}},"3":{"start":{"line":28,"column":28},"end":{"line":30,"column":27}},"4":{"start":{"line":29,"column":12},"end":{"line":29,"column":41}},"5":{"start":{"line":31,"column":8},"end":{"line":33,"column":9}},"6":{"start":{"line":32,"column":12},"end":{"line":32,"column":55}},"7":{"start":{"line":34,"column":30},"end":{"line":34,"column":64}},"8":{"start":{"line":35,"column":24},"end":{"line":35,"column":44}},"9":{"start":{"line":36,"column":8},"end":{"line":36,"column":23}},"10":{"start":{"line":24,"column":0},"end":{"line":24,"column":21}}},"fnMap":{"0":{"name":"(anonymous_0)","decl":{"start":{"line":25,"column":4},"end":{"line":25,"column":10}},"loc":{"start":{"line":25,"column":38},"end":{"line":37,"column":5}}},"1":{"name":"(anonymous_1)","decl":{"start":{"line":28,"column":45},"end":{"line":28,"column":46}},"loc":{"start":{"line":28,"column":59},"end":{"line":30,"column":9}}}},"branchMap":{"0":{"loc":{"start":{"line":31,"column":8},"end":{"line":33,"column":9}},"type":"if","locations":[{"start":{"line":31,"column":8},"end":{"line":33,"column":9}}]}},"s":{"0":1,"1":6,"2":6,"3":6,"4":126,"5":6,"6":0,"7":6,"8":6,"9":6,"10":1},"f":{"0":6,"1":126},"b":{"0":[0]}}
,"C:\\Users\\marku\\SoftwareProjects\\University\\tastyplan\\api\\src\\helpers\\converter.utils.ts": {"path":"C:\\Users\\marku\\SoftwareProjects\\University\\tastyplan\\api\\src\\helpers\\converter.utils.ts","statementMap":{"0":{"start":{"line":2,"column":4},"end":{"line":4,"column":5}},"1":{"start":{"line":3,"column":8},"end":{"line":3,"column":25}},"2":{"start":{"line":5,"column":23},"end":{"line":5,"column":44}},"3":{"start":{"line":6,"column":15},"end":{"line":6,"column":16}},"4":{"start":{"line":7,"column":4},"end":{"line":14,"column":5}},"5":{"start":{"line":7,"column":21},"end":{"line":7,"column":22}},"6":{"start":{"line":8,"column":24},"end":{"line":8,"column":41}},"7":{"start":{"line":9,"column":8},"end":{"line":13,"column":9}},"8":{"start":{"line":10,"column":12},"end":{"line":10,"column":38}},"9":{"start":{"line":11,"column":15},"end":{"line":13,"column":9}},"10":{"start":{"line":12,"column":12},"end":{"line":12,"column":43}},"11":{"start":{"line":15,"column":4},"end":{"line":15,"column":16}},"12":{"start":{"line":1,"column":0},"end":{"line":1,"column":16}},"13":{"start":{"line":19,"column":23},"end":{"line":19,"column":35}},"14":{"start":{"line":22,"column":4},"end":{"line":27,"column":5}},"15":{"start":{"line":23,"column":8},"end":{"line":23,"column":63}},"16":{"start":{"line":24,"column":8},"end":{"line":24,"column":23}},"17":{"start":{"line":26,"column":8},"end":{"line":26,"column":94}},"18":{"start":{"line":28,"column":4},"end":{"line":28,"column":17}},"19":{"start":{"line":18,"column":0},"end":{"line":18,"column":16}},"20":{"start":{"line":35,"column":31},"end":{"line":35,"column":47}},"21":{"start":{"line":37,"column":27},"end":{"line":37,"column":47}},"22":{"start":{"line":39,"column":23},"end":{"line":39,"column":27}},"23":{"start":{"line":41,"column":4},"end":{"line":62,"column":5}},"24":{"start":{"line":42,"column":8},"end":{"line":42,"column":28}},"25":{"start":{"line":43,"column":8},"end":{"line":44,"column":53}},"26":{"start":{"line":43,"column":23},"end":{"line":43,"column":47}},"27":{"start":{"line":44,"column":13},"end":{"line":44,"column":53}},"28":{"start":{"line":45,"column":8},"end":{"line":45,"column":66}},"29":{"start":{"line":46,"column":11},"end":{"line":62,"column":5}},"30":{"start":{"line":47,"column":8},"end":{"line":47,"column":30}},"31":{"start":{"line":48,"column":8},"end":{"line":51,"column":9}},"32":{"start":{"line":49,"column":12},"end":{"line":49,"column":52}},"33":{"start":{"line":50,"column":12},"end":{"line":50,"column":33}},"34":{"start":{"line":52,"column":11},"end":{"line":62,"column":5}},"35":{"start":{"line":53,"column":8},"end":{"line":53,"column":29}},"36":{"start":{"line":54,"column":11},"end":{"line":62,"column":5}},"37":{"start":{"line":55,"column":8},"end":{"line":55,"column":29}},"38":{"start":{"line":56,"column":11},"end":{"line":62,"column":5}},"39":{"start":{"line":57,"column":8},"end":{"line":57,"column":27}},"40":{"start":{"line":58,"column":8},"end":{"line":58,"column":66}},"41":{"start":{"line":59,"column":11},"end":{"line":62,"column":5}},"42":{"start":{"line":60,"column":8},"end":{"line":60,"column":27}},"43":{"start":{"line":61,"column":8},"end":{"line":61,"column":66}},"44":{"start":{"line":64,"column":4},"end":{"line":64,"column":78}},"45":{"start":{"line":34,"column":0},"end":{"line":34,"column":16}},"46":{"start":{"line":66,"column":29},"end":{"line":68,"column":1}},"47":{"start":{"line":67,"column":4},"end":{"line":67,"column":28}},"48":{"start":{"line":70,"column":29},"end":{"line":72,"column":1}},"49":{"start":{"line":71,"column":4},"end":{"line":71,"column":28}},"50":{"start":{"line":74,"column":23},"end":{"line":78,"column":1}},"51":{"start":{"line":75,"column":4},"end":{"line":75,"column":33}},"52":{"start":{"line":75,"column":21},"end":{"line":75,"column":33}},"53":{"start":{"line":76,"column":20},"end":{"line":76,"column":56}},"54":{"start":{"line":77,"column":4},"end":{"line":77,"column":20}}},"fnMap":{"0":{"name":"convertToTime","decl":{"start":{"line":1,"column":16},"end":{"line":1,"column":29}},"loc":{"start":{"line":1,"column":48},"end":{"line":16,"column":1}}},"1":{"name":"shuffleArray","decl":{"start":{"line":18,"column":16},"end":{"line":18,"column":28}},"loc":{"start":{"line":18,"column":52},"end":{"line":29,"column":1}}},"2":{"name":"convertIngredientAmount","decl":{"start":{"line":34,"column":16},"end":{"line":34,"column":39}},"loc":{"start":{"line":34,"column":74},"end":{"line":65,"column":1}}},"3":{"name":"(anonymous_3)","decl":{"start":{"line":66,"column":29},"end":{"line":66,"column":30}},"loc":{"start":{"line":66,"column":48},"end":{"line":68,"column":1}}},"4":{"name":"(anonymous_4)","decl":{"start":{"line":70,"column":29},"end":{"line":70,"column":30}},"loc":{"start":{"line":70,"column":48},"end":{"line":72,"column":1}}},"5":{"name":"(anonymous_5)","decl":{"start":{"line":74,"column":23},"end":{"line":74,"column":24}},"loc":{"start":{"line":74,"column":39},"end":{"line":78,"column":1}}}},"branchMap":{"0":{"loc":{"start":{"line":2,"column":4},"end":{"line":4,"column":5}},"type":"if","locations":[{"start":{"line":2,"column":4},"end":{"line":4,"column":5}}]},"1":{"loc":{"start":{"line":9,"column":8},"end":{"line":13,"column":9}},"type":"if","locations":[{"start":{"line":9,"column":8},"end":{"line":13,"column":9}},{"start":{"line":11,"column":15},"end":{"line":13,"column":9}}]},"2":{"loc":{"start":{"line":11,"column":15},"end":{"line":13,"column":9}},"type":"if","locations":[{"start":{"line":11,"column":15},"end":{"line":13,"column":9}}]},"3":{"loc":{"start":{"line":41,"column":4},"end":{"line":62,"column":5}},"type":"if","locations":[{"start":{"line":41,"column":4},"end":{"line":62,"column":5}},{"start":{"line":46,"column":11},"end":{"line":62,"column":5}}]},"4":{"loc":{"start":{"line":43,"column":8},"end":{"line":44,"column":53}},"type":"if","locations":[{"start":{"line":43,"column":8},"end":{"line":44,"column":53}},{"start":{"line":44,"column":13},"end":{"line":44,"column":53}}]},"5":{"loc":{"start":{"line":46,"column":11},"end":{"line":62,"column":5}},"type":"if","locations":[{"start":{"line":46,"column":11},"end":{"line":62,"column":5}},{"start":{"line":52,"column":11},"end":{"line":62,"column":5}}]},"6":{"loc":{"start":{"line":46,"column":15},"end":{"line":46,"column":62}},"type":"binary-expr","locations":[{"start":{"line":46,"column":15},"end":{"line":46,"column":37}},{"start":{"line":46,"column":41},"end":{"line":46,"column":62}}]},"7":{"loc":{"start":{"line":48,"column":8},"end":{"line":51,"column":9}},"type":"if","locations":[{"start":{"line":48,"column":8},"end":{"line":51,"column":9}}]},"8":{"loc":{"start":{"line":52,"column":11},"end":{"line":62,"column":5}},"type":"if","locations":[{"start":{"line":52,"column":11},"end":{"line":62,"column":5}},{"start":{"line":54,"column":11},"end":{"line":62,"column":5}}]},"9":{"loc":{"start":{"line":52,"column":15},"end":{"line":52,"column":58}},"type":"binary-expr","locations":[{"start":{"line":52,"column":15},"end":{"line":52,"column":35}},{"start":{"line":52,"column":39},"end":{"line":52,"column":58}}]},"10":{"loc":{"start":{"line":54,"column":11},"end":{"line":62,"column":5}},"type":"if","locations":[{"start":{"line":54,"column":11},"end":{"line":62,"column":5}},{"start":{"line":56,"column":11},"end":{"line":62,"column":5}}]},"11":{"loc":{"start":{"line":54,"column":15},"end":{"line":54,"column":48}},"type":"binary-expr","locations":[{"start":{"line":54,"column":15},"end":{"line":54,"column":29}},{"start":{"line":54,"column":33},"end":{"line":54,"column":48}}]},"12":{"loc":{"start":{"line":56,"column":11},"end":{"line":62,"column":5}},"type":"if","locations":[{"start":{"line":56,"column":11},"end":{"line":62,"column":5}},{"start":{"line":59,"column":11},"end":{"line":62,"column":5}}]},"13":{"loc":{"start":{"line":56,"column":15},"end":{"line":56,"column":52}},"type":"binary-expr","locations":[{"start":{"line":56,"column":15},"end":{"line":56,"column":32}},{"start":{"line":56,"column":36},"end":{"line":56,"column":52}}]},"14":{"loc":{"start":{"line":59,"column":11},"end":{"line":62,"column":5}},"type":"if","locations":[{"start":{"line":59,"column":11},"end":{"line":62,"column":5}}]},"15":{"loc":{"start":{"line":59,"column":15},"end":{"line":59,"column":52}},"type":"binary-expr","locations":[{"start":{"line":59,"column":15},"end":{"line":59,"column":32}},{"start":{"line":59,"column":36},"end":{"line":59,"column":52}}]},"16":{"loc":{"start":{"line":75,"column":4},"end":{"line":75,"column":33}},"type":"if","locations":[{"start":{"line":75,"column":4},"end":{"line":75,"column":33}}]}},"s":{"0":4,"1":0,"2":4,"3":4,"4":4,"5":4,"6":5,"7":5,"8":2,"9":3,"10":2,"11":4,"12":9,"13":5,"14":5,"15":61,"16":61,"17":61,"18":5,"19":9,"20":14,"21":14,"22":14,"23":14,"24":1,"25":1,"26":0,"27":1,"28":1,"29":13,"30":3,"31":3,"32":1,"33":1,"34":10,"35":0,"36":10,"37":5,"38":5,"39":1,"40":1,"41":4,"42":1,"43":1,"44":13,"45":9,"46":9,"47":1,"48":9,"49":1,"50":9,"51":13,"52":0,"53":13,"54":13},"f":{"0":4,"1":5,"2":14,"3":1,"4":1,"5":13},"b":{"0":[0],"1":[2,3],"2":[2],"3":[1,13],"4":[0,1],"5":[3,10],"6":[13,12],"7":[1],"8":[0,10],"9":[10,10],"10":[5,5],"11":[10,8],"12":[1,4],"13":[5,4],"14":[1],"15":[4,3],"16":[0]}}
,"C:\\Users\\marku\\SoftwareProjects\\University\\tastyplan\\api\\src\\ingredients\\ingredients.controller.ts": {"path":"C:\\Users\\marku\\SoftwareProjects\\University\\tastyplan\\api\\src\\ingredients\\ingredients.controller.ts","statementMap":{"0":{"start":{"line":1,"column":0},"end":{"line":1,"column":59}},"1":{"start":{"line":3,"column":0},"end":{"line":3,"column":108}},"2":{"start":{"line":4,"column":0},"end":{"line":4,"column":72}},"3":{"start":{"line":8,"column":7},"end":{"line":33,"column":null}},"4":{"start":{"line":10,"column":39},"end":{"line":10,"column":58}},"5":{"start":{"line":11,"column":25},"end":{"line":11,"column":45}},"6":{"start":{"line":16,"column":8},"end":{"line":23,"column":9}},"7":{"start":{"line":17,"column":12},"end":{"line":19,"column":13}},"8":{"start":{"line":18,"column":16},"end":{"line":18,"column":76}},"9":{"start":{"line":20,"column":12},"end":{"line":20,"column":22}},"10":{"start":{"line":22,"column":12},"end":{"line":22,"column":87}},"11":{"start":{"line":27,"column":8},"end":{"line":31,"column":9}},"12":{"start":{"line":28,"column":12},"end":{"line":28,"column":52}},"13":{"start":{"line":30,"column":12},"end":{"line":30,"column":87}},"14":{"start":{"line":8,"column":13},"end":{"line":8,"column":34}},"15":{"start":{"line":15,"column":10},"end":{"line":24,"column":null}},"16":{"start":{"line":26,"column":10},"end":{"line":32,"column":null}},"17":{"start":{"line":8,"column":13},"end":{"line":33,"column":null}}},"fnMap":{"0":{"name":"(anonymous_4)","decl":{"start":{"line":9,"column":4},"end":{"line":9,"column":null}},"loc":{"start":{"line":11,"column":63},"end":{"line":12,"column":8}}},"1":{"name":"(anonymous_5)","decl":{"start":{"line":15,"column":4},"end":{"line":15,"column":9}},"loc":{"start":{"line":15,"column":56},"end":{"line":24,"column":5}}},"2":{"name":"(anonymous_6)","decl":{"start":{"line":26,"column":4},"end":{"line":26,"column":9}},"loc":{"start":{"line":26,"column":27},"end":{"line":32,"column":5}}}},"branchMap":{"0":{"loc":{"start":{"line":17,"column":12},"end":{"line":19,"column":13}},"type":"if","locations":[{"start":{"line":17,"column":12},"end":{"line":19,"column":13}}]}},"s":{"0":1,"1":1,"2":1,"3":1,"4":4,"5":4,"6":2,"7":2,"8":2,"9":0,"10":1,"11":2,"12":2,"13":1,"14":1,"15":1,"16":1,"17":1},"f":{"0":4,"1":2,"2":2},"b":{"0":[2]}}
,"C:\\Users\\marku\\SoftwareProjects\\University\\tastyplan\\api\\src\\ingredients\\ingredients.service.ts": {"path":"C:\\Users\\marku\\SoftwareProjects\\University\\tastyplan\\api\\src\\ingredients\\ingredients.service.ts","statementMap":{"0":{"start":{"line":1,"column":0},"end":{"line":1,"column":67}},"1":{"start":{"line":2,"column":0},"end":{"line":2,"column":59}},"2":{"start":{"line":3,"column":0},"end":{"line":3,"column":34}},"3":{"start":{"line":6,"column":0},"end":{"line":6,"column":52}},"4":{"start":{"line":7,"column":0},"end":{"line":7,"column":54}},"5":{"start":{"line":10,"column":7},"end":{"line":44,"column":null}},"6":{"start":{"line":12,"column":48},"end":{"line":12,"column":60}},"7":{"start":{"line":13,"column":16},"end":{"line":13,"column":41}},"8":{"start":{"line":14,"column":16},"end":{"line":14,"column":36}},"9":{"start":{"line":18,"column":8},"end":{"line":18,"column":67}},"10":{"start":{"line":22,"column":28},"end":{"line":22,"column":79}},"11":{"start":{"line":23,"column":8},"end":{"line":23,"column":60}},"12":{"start":{"line":27,"column":24},"end":{"line":27,"column":71}},"13":{"start":{"line":28,"column":8},"end":{"line":30,"column":9}},"14":{"start":{"line":29,"column":12},"end":{"line":29,"column":22}},"15":{"start":{"line":31,"column":8},"end":{"line":31,"column":23}},"16":{"start":{"line":34,"column":28},"end":{"line":34,"column":79}},"17":{"start":{"line":35,"column":8},"end":{"line":37,"column":9}},"18":{"start":{"line":36,"column":12},"end":{"line":36,"column":64}},"19":{"start":{"line":36,"column":29},"end":{"line":36,"column":62}},"20":{"start":{"line":38,"column":8},"end":{"line":38,"column":27}},"21":{"start":{"line":41,"column":28},"end":{"line":41,"column":79}},"22":{"start":{"line":42,"column":8},"end":{"line":42,"column":68}},"23":{"start":{"line":10,"column":13},"end":{"line":10,"column":31}},"24":{"start":{"line":10,"column":13},"end":{"line":44,"column":null}}},"fnMap":{"0":{"name":"(anonymous_4)","decl":{"start":{"line":11,"column":4},"end":{"line":11,"column":null}},"loc":{"start":{"line":14,"column":54},"end":{"line":15,"column":8}}},"1":{"name":"(anonymous_5)","decl":{"start":{"line":17,"column":4},"end":{"line":17,"column":9}},"loc":{"start":{"line":17,"column":49},"end":{"line":19,"column":5}}},"2":{"name":"(anonymous_6)","decl":{"start":{"line":21,"column":4},"end":{"line":21,"column":9}},"loc":{"start":{"line":21,"column":22},"end":{"line":24,"column":5}}},"3":{"name":"(anonymous_7)","decl":{"start":{"line":26,"column":4},"end":{"line":26,"column":9}},"loc":{"start":{"line":26,"column":43},"end":{"line":32,"column":5}}},"4":{"name":"(anonymous_8)","decl":{"start":{"line":33,"column":4},"end":{"line":33,"column":9}},"loc":{"start":{"line":33,"column":16},"end":{"line":39,"column":5}}},"5":{"name":"(anonymous_9)","decl":{"start":{"line":36,"column":23},"end":{"line":36,"column":26}},"loc":{"start":{"line":36,"column":29},"end":{"line":36,"column":62}}},"6":{"name":"(anonymous_10)","decl":{"start":{"line":40,"column":4},"end":{"line":40,"column":9}},"loc":{"start":{"line":40,"column":21},"end":{"line":43,"column":5}}}},"branchMap":{"0":{"loc":{"start":{"line":28,"column":8},"end":{"line":30,"column":9}},"type":"if","locations":[{"start":{"line":28,"column":8},"end":{"line":30,"column":9}}]},"1":{"loc":{"start":{"line":35,"column":8},"end":{"line":37,"column":9}},"type":"if","locations":[{"start":{"line":35,"column":8},"end":{"line":37,"column":9}}]}},"s":{"0":4,"1":4,"2":4,"3":4,"4":4,"5":4,"6":6,"7":6,"8":6,"9":1004,"10":0,"11":0,"12":2,"13":2,"14":0,"15":2,"16":1,"17":1,"18":0,"19":0,"20":1,"21":2,"22":2,"23":4,"24":4},"f":{"0":6,"1":1004,"2":0,"3":2,"4":1,"5":0,"6":2},"b":{"0":[0],"1":[0]}}
,"C:\\Users\\marku\\SoftwareProjects\\University\\tastyplan\\api\\src\\ingredients\\ingredientsSearch.service.ts": {"path":"C:\\Users\\marku\\SoftwareProjects\\University\\tastyplan\\api\\src\\ingredients\\ingredientsSearch.service.ts","statementMap":{"0":{"start":{"line":3,"column":0},"end":{"line":3,"column":61}},"1":{"start":{"line":4,"column":0},"end":{"line":4,"column":64}},"2":{"start":{"line":7,"column":15},"end":{"line":55,"column":null}},"3":{"start":{"line":12,"column":25},"end":{"line":12,"column":47}},"4":{"start":{"line":8,"column":4},"end":{"line":8,"column":26}},"5":{"start":{"line":16,"column":8},"end":{"line":22,"column":11}},"6":{"start":{"line":25,"column":8},"end":{"line":29,"column":26}},"7":{"start":{"line":26,"column":12},"end":{"line":26,"column":82}},"8":{"start":{"line":27,"column":25},"end":{"line":27,"column":66}},"9":{"start":{"line":28,"column":12},"end":{"line":28,"column":81}},"10":{"start":{"line":33,"column":25},"end":{"line":44,"column":10}},"11":{"start":{"line":45,"column":21},"end":{"line":45,"column":35}},"12":{"start":{"line":46,"column":8},"end":{"line":46,"column":48}},"13":{"start":{"line":46,"column":34},"end":{"line":46,"column":46}},"14":{"start":{"line":50,"column":8},"end":{"line":53,"column":11}},"15":{"start":{"line":50,"column":51},"end":{"line":53,"column":10}},"16":{"start":{"line":7,"column":21},"end":{"line":55,"column":null}},"17":{"start":{"line":11,"column":33},"end":{"line":11,"column":53}},"18":{"start":{"line":7,"column":21},"end":{"line":7,"column":null}}},"fnMap":{"0":{"name":"(anonymous_4)","decl":{"start":{"line":10,"column":4},"end":{"line":10,"column":null}},"loc":{"start":{"line":12,"column":67},"end":{"line":13,"column":8}}},"1":{"name":"(anonymous_5)","decl":{"start":{"line":15,"column":4},"end":{"line":15,"column":9}},"loc":{"start":{"line":15,"column":48},"end":{"line":23,"column":5}}},"2":{"name":"(anonymous_6)","decl":{"start":{"line":24,"column":4},"end":{"line":24,"column":9}},"loc":{"start":{"line":24,"column":47},"end":{"line":30,"column":5}}},"3":{"name":"(anonymous_7)","decl":{"start":{"line":32,"column":4},"end":{"line":32,"column":9}},"loc":{"start":{"line":32,"column":29},"end":{"line":47,"column":5}}},"4":{"name":"(anonymous_8)","decl":{"start":{"line":46,"column":24},"end":{"line":46,"column":25}},"loc":{"start":{"line":46,"column":34},"end":{"line":46,"column":46}}},"5":{"name":"(anonymous_9)","decl":{"start":{"line":49,"column":4},"end":{"line":49,"column":27}},"loc":{"start":{"line":49,"column":53},"end":{"line":54,"column":5}}},"6":{"name":"(anonymous_10)","decl":{"start":{"line":50,"column":35},"end":{"line":50,"column":36}},"loc":{"start":{"line":50,"column":51},"end":{"line":53,"column":10}}},"7":{"name":"(anonymous_11)","decl":{"start":{"line":11,"column":27},"end":{"line":11,"column":30}},"loc":{"start":{"line":11,"column":33},"end":{"line":11,"column":53}}}},"branchMap":{},"s":{"0":5,"1":5,"2":5,"3":3,"4":3,"5":0,"6":2,"7":2,"8":2,"9":2,"10":2,"11":2,"12":2,"13":3,"14":3,"15":1009,"16":5,"17":1,"18":5},"f":{"0":3,"1":0,"2":2,"3":2,"4":3,"5":3,"6":1009,"7":1},"b":{}}
,"C:\\Users\\marku\\SoftwareProjects\\University\\tastyplan\\api\\src\\initializer\\initializer.service.ts": {"path":"C:\\Users\\marku\\SoftwareProjects\\University\\tastyplan\\api\\src\\initializer\\initializer.service.ts","statementMap":{"0":{"start":{"line":1,"column":0},"end":{"line":1,"column":73}},"1":{"start":{"line":2,"column":0},"end":{"line":2,"column":61}},"2":{"start":{"line":3,"column":0},"end":{"line":3,"column":58}},"3":{"start":{"line":4,"column":0},"end":{"line":4,"column":73}},"4":{"start":{"line":6,"column":0},"end":{"line":6,"column":70}},"5":{"start":{"line":7,"column":0},"end":{"line":7,"column":30}},"6":{"start":{"line":9,"column":0},"end":{"line":9,"column":68}},"7":{"start":{"line":10,"column":11},"end":{"line":10,"column":24}},"8":{"start":{"line":11,"column":14},"end":{"line":11,"column":35}},"9":{"start":{"line":12,"column":15},"end":{"line":12,"column":32}},"10":{"start":{"line":29,"column":7},"end":{"line":188,"column":null}},"11":{"start":{"line":31,"column":16},"end":{"line":31,"column":31}},"12":{"start":{"line":32,"column":16},"end":{"line":32,"column":31}},"13":{"start":{"line":33,"column":16},"end":{"line":33,"column":35}},"14":{"start":{"line":34,"column":16},"end":{"line":34,"column":37}},"15":{"start":{"line":36,"column":4},"end":{"line":36,"column":55}},"16":{"start":{"line":38,"column":8},"end":{"line":38,"column":37}},"17":{"start":{"line":39,"column":8},"end":{"line":39,"column":52}},"18":{"start":{"line":40,"column":42},"end":{"line":40,"column":70}},"19":{"start":{"line":41,"column":8},"end":{"line":47,"column":9}},"20":{"start":{"line":42,"column":12},"end":{"line":46,"column":13}},"21":{"start":{"line":42,"column":39},"end":{"line":42,"column":43}},"22":{"start":{"line":42,"column":39},"end":{"line":42,"column":66}},"23":{"start":{"line":42,"column":35},"end":{"line":42,"column":39}},"24":{"start":{"line":43,"column":16},"end":{"line":43,"column":88}},"25":{"start":{"line":44,"column":51},"end":{"line":44,"column":57}},"26":{"start":{"line":44,"column":46},"end":{"line":44,"column":51}},"27":{"start":{"line":45,"column":16},"end":{"line":45,"column":75}},"28":{"start":{"line":48,"column":27},"end":{"line":48,"column":71}},"29":{"start":{"line":49,"column":8},"end":{"line":49,"column":64}},"30":{"start":{"line":50,"column":8},"end":{"line":50,"column":48}},"31":{"start":{"line":51,"column":8},"end":{"line":51,"column":83}},"32":{"start":{"line":55,"column":24},"end":{"line":55,"column":51}},"33":{"start":{"line":56,"column":28},"end":{"line":56,"column":59}},"34":{"start":{"line":57,"column":8},"end":{"line":57,"column":83}},"35":{"start":{"line":58,"column":31},"end":{"line":58,"column":52}},"36":{"start":{"line":60,"column":8},"end":{"line":81,"column":9}},"37":{"start":{"line":64,"column":12},"end":{"line":64,"column":43}},"38":{"start":{"line":65,"column":12},"end":{"line":65,"column":63}},"39":{"start":{"line":66,"column":12},"end":{"line":75,"column":15}},"40":{"start":{"line":76,"column":12},"end":{"line":80,"column":13}},"41":{"start":{"line":76,"column":29},"end":{"line":76,"column":30}},"42":{"start":{"line":77,"column":35},"end":{"line":77,"column":57}},"43":{"start":{"line":79,"column":16},"end":{"line":79,"column":92}},"44":{"start":{"line":82,"column":8},"end":{"line":82,"column":51}},"45":{"start":{"line":86,"column":8},"end":{"line":100,"column":11}},"46":{"start":{"line":87,"column":58},"end":{"line":87,"column":60}},"47":{"start":{"line":88,"column":12},"end":{"line":99,"column":13}},"48":{"start":{"line":89,"column":16},"end":{"line":96,"column":23}},"49":{"start":{"line":92,"column":24},"end":{"line":92,"column":53}},"50":{"start":{"line":95,"column":24},"end":{"line":95,"column":45}},"51":{"start":{"line":98,"column":16},"end":{"line":98,"column":30}},"52":{"start":{"line":104,"column":24},"end":{"line":104,"column":75}},"53":{"start":{"line":105,"column":24},"end":{"line":105,"column":51}},"54":{"start":{"line":106,"column":8},"end":{"line":106,"column":50}},"55":{"start":{"line":107,"column":27},"end":{"line":107,"column":48}},"56":{"start":{"line":109,"column":24},"end":{"line":109,"column":43}},"57":{"start":{"line":111,"column":12},"end":{"line":112,"column":109}},"58":{"start":{"line":113,"column":8},"end":{"line":126,"column":9}},"59":{"start":{"line":114,"column":12},"end":{"line":114,"column":39}},"60":{"start":{"line":115,"column":12},"end":{"line":115,"column":59}},"61":{"start":{"line":116,"column":12},"end":{"line":125,"column":15}},"62":{"start":{"line":127,"column":8},"end":{"line":127,"column":64}},"63":{"start":{"line":131,"column":8},"end":{"line":134,"column":9}},"64":{"start":{"line":131,"column":25},"end":{"line":131,"column":26}},"65":{"start":{"line":132,"column":27},"end":{"line":132,"column":41}},"66":{"start":{"line":133,"column":12},"end":{"line":133,"column":57}},"67":{"start":{"line":141,"column":12},"end":{"line":145,"column":14}},"68":{"start":{"line":147,"column":8},"end":{"line":174,"column":9}},"69":{"start":{"line":148,"column":31},"end":{"line":148,"column":57}},"70":{"start":{"line":150,"column":33},"end":{"line":150,"column":56}},"71":{"start":{"line":152,"column":38},"end":{"line":152,"column":71}},"72":{"start":{"line":153,"column":24},"end":{"line":163,"column":14}},"73":{"start":{"line":156,"column":85},"end":{"line":156,"column":101}},"74":{"start":{"line":164,"column":31},"end":{"line":164,"column":71}},"75":{"start":{"line":165,"column":12},"end":{"line":169,"column":null}},"76":{"start":{"line":172,"column":12},"end":{"line":172,"column":86}},"77":{"start":{"line":173,"column":12},"end":{"line":173,"column":31}},"78":{"start":{"line":178,"column":8},"end":{"line":186,"column":11}},"79":{"start":{"line":179,"column":40},"end":{"line":179,"column":68}},"80":{"start":{"line":180,"column":12},"end":{"line":185,"column":14}},"81":{"start":{"line":29,"column":13},"end":{"line":29,"column":31}},"82":{"start":{"line":29,"column":13},"end":{"line":188,"column":null}}},"fnMap":{"0":{"name":"(anonymous_23)","decl":{"start":{"line":30,"column":4},"end":{"line":30,"column":null}},"loc":{"start":{"line":34,"column":57},"end":{"line":35,"column":8}}},"1":{"name":"(anonymous_24)","decl":{"start":{"line":37,"column":4},"end":{"line":37,"column":9}},"loc":{"start":{"line":37,"column":32},"end":{"line":52,"column":5}}},"2":{"name":"(anonymous_25)","decl":{"start":{"line":54,"column":4},"end":{"line":54,"column":9}},"loc":{"start":{"line":54,"column":25},"end":{"line":83,"column":5}}},"3":{"name":"(anonymous_26)","decl":{"start":{"line":85,"column":4},"end":{"line":85,"column":22}},"loc":{"start":{"line":85,"column":22},"end":{"line":101,"column":5}}},"4":{"name":"(anonymous_27)","decl":{"start":{"line":86,"column":27},"end":{"line":86,"column":28}},"loc":{"start":{"line":86,"column":47},"end":{"line":100,"column":9}}},"5":{"name":"(anonymous_28)","decl":{"start":{"line":91,"column":32},"end":{"line":91,"column":42}},"loc":{"start":{"line":91,"column":69},"end":{"line":93,"column":21}}},"6":{"name":"(anonymous_29)","decl":{"start":{"line":94,"column":31},"end":{"line":94,"column":36}},"loc":{"start":{"line":94,"column":36},"end":{"line":96,"column":21}}},"7":{"name":"(anonymous_30)","decl":{"start":{"line":103,"column":4},"end":{"line":103,"column":9}},"loc":{"start":{"line":103,"column":25},"end":{"line":128,"column":5}}},"8":{"name":"(anonymous_31)","decl":{"start":{"line":130,"column":11},"end":{"line":130,"column":22}},"loc":{"start":{"line":130,"column":99},"end":{"line":135,"column":null}}},"9":{"name":"(anonymous_33)","decl":{"start":{"line":137,"column":4},"end":{"line":137,"column":9}},"loc":{"start":{"line":145,"column":14},"end":{"line":175,"column":5}}},"10":{"name":"(anonymous_34)","decl":{"start":{"line":140,"column":23},"end":{"line":140,"column":24}},"loc":{"start":{"line":141,"column":12},"end":{"line":145,"column":14}}},"11":{"name":"(anonymous_35)","decl":{"start":{"line":156,"column":50},"end":{"line":156,"column":51}},"loc":{"start":{"line":156,"column":85},"end":{"line":156,"column":101}}},"12":{"name":"(anonymous_36)","decl":{"start":{"line":177,"column":4},"end":{"line":177,"column":18}},"loc":{"start":{"line":177,"column":57},"end":{"line":187,"column":5}}},"13":{"name":"(anonymous_37)","decl":{"start":{"line":178,"column":32},"end":{"line":178,"column":33}},"loc":{"start":{"line":178,"column":117},"end":{"line":186,"column":9}}}},"branchMap":{"0":{"loc":{"start":{"line":41,"column":8},"end":{"line":47,"column":9}},"type":"if","locations":[{"start":{"line":41,"column":8},"end":{"line":47,"column":9}}]},"1":{"loc":{"start":{"line":60,"column":8},"end":{"line":81,"column":9}},"type":"if","locations":[{"start":{"line":60,"column":8},"end":{"line":81,"column":9}}]},"2":{"loc":{"start":{"line":61,"column":12},"end":{"line":62,"column":117}},"type":"binary-expr","locations":[{"start":{"line":61,"column":12},"end":{"line":61,"column":62}},{"start":{"line":62,"column":12},"end":{"line":62,"column":117}}]},"3":{"loc":{"start":{"line":62,"column":12},"end":{"line":62,"column":98}},"type":"cond-expr","locations":[{"start":{"line":62,"column":82},"end":{"line":62,"column":84}},{"start":{"line":62,"column":82},"end":{"line":62,"column":98}}]},"4":{"loc":{"start":{"line":62,"column":12},"end":{"line":62,"column":84}},"type":"binary-expr","locations":[{"start":{"line":62,"column":12},"end":{"line":62,"column":84}},{"start":{"line":62,"column":82},"end":{"line":62,"column":84}}]},"5":{"loc":{"start":{"line":111,"column":12},"end":{"line":112,"column":109}},"type":"binary-expr","locations":[{"start":{"line":111,"column":12},"end":{"line":111,"column":58}},{"start":{"line":112,"column":12},"end":{"line":112,"column":109}}]},"6":{"loc":{"start":{"line":112,"column":12},"end":{"line":112,"column":94}},"type":"cond-expr","locations":[{"start":{"line":112,"column":82},"end":{"line":112,"column":84}},{"start":{"line":112,"column":82},"end":{"line":112,"column":94}}]},"7":{"loc":{"start":{"line":112,"column":12},"end":{"line":112,"column":84}},"type":"binary-expr","locations":[{"start":{"line":112,"column":12},"end":{"line":112,"column":84}},{"start":{"line":112,"column":82},"end":{"line":112,"column":84}}]},"8":{"loc":{"start":{"line":113,"column":8},"end":{"line":126,"column":9}},"type":"if","locations":[{"start":{"line":113,"column":8},"end":{"line":126,"column":9}}]},"9":{"loc":{"start":{"line":130,"column":57},"end":{"line":130,"column":99}},"type":"default-arg","locations":[{"start":{"line":130,"column":77},"end":{"line":130,"column":99}}]},"10":{"loc":{"start":{"line":140,"column":8},"end":{"line":145,"column":14}},"type":"default-arg","locations":[{"start":{"line":140,"column":23},"end":{"line":145,"column":14}}]},"11":{"loc":{"start":{"line":182,"column":26},"end":{"line":182,"column":62}},"type":"binary-expr","locations":[{"start":{"line":182,"column":26},"end":{"line":182,"column":54}},{"start":{"line":182,"column":58},"end":{"line":182,"column":62}}]}},"s":{"0":2,"1":2,"2":2,"3":2,"4":2,"5":2,"6":2,"7":2,"8":2,"9":2,"10":2,"11":2,"12":2,"13":2,"14":2,"15":2,"16":0,"17":0,"18":0,"19":0,"20":0,"21":0,"22":0,"23":0,"24":0,"25":0,"26":0,"27":0,"28":0,"29":0,"30":0,"31":0,"32":1,"33":1,"34":1,"35":1,"36":1,"37":1,"38":1,"39":1,"40":1,"41":1,"42":1004,"43":1004,"44":1,"45":2,"46":2,"47":2,"48":2,"49":2008,"50":2,"51":0,"52":3,"53":3,"54":3,"55":3,"56":3,"57":3,"58":3,"59":3,"60":3,"61":3,"62":3,"63":1,"64":1,"65":228,"66":228,"67":0,"68":1,"69":1,"70":1,"71":1,"72":1,"73":6,"74":1,"75":1,"76":0,"77":0,"78":2,"79":8,"80":8,"81":2,"82":2},"f":{"0":2,"1":0,"2":1,"3":2,"4":2,"5":2008,"6":2,"7":3,"8":1,"9":1,"10":0,"11":6,"12":2,"13":8},"b":{"0":[0],"1":[1],"2":[1,1],"3":[0,1],"4":[1,1],"5":[3,1],"6":[1,0],"7":[1,0],"8":[3],"9":[0],"10":[0],"11":[8,0]}}
,"C:\\Users\\marku\\SoftwareProjects\\University\\tastyplan\\api\\src\\preferences\\preferences.controller.ts": {"path":"C:\\Users\\marku\\SoftwareProjects\\University\\tastyplan\\api\\src\\preferences\\preferences.controller.ts","statementMap":{"0":{"start":{"line":1,"column":0},"end":{"line":1,"column":59}},"1":{"start":{"line":2,"column":0},"end":{"line":2,"column":61}},"2":{"start":{"line":4,"column":0},"end":{"line":4,"column":55}},"3":{"start":{"line":6,"column":0},"end":{"line":6,"column":46}},"4":{"start":{"line":7,"column":0},"end":{"line":7,"column":null}},"5":{"start":{"line":21,"column":7},"end":{"line":48,"column":null}},"6":{"start":{"line":22,"column":24},"end":{"line":22,"column":44}},"7":{"start":{"line":28,"column":8},"end":{"line":33,"column":9}},"8":{"start":{"line":29,"column":25},"end":{"line":29,"column":45}},"9":{"start":{"line":30,"column":12},"end":{"line":30,"column":93}},"10":{"start":{"line":32,"column":12},"end":{"line":32,"column":87}},"11":{"start":{"line":41,"column":8},"end":{"line":46,"column":9}},"12":{"start":{"line":42,"column":25},"end":{"line":42,"column":45}},"13":{"start":{"line":43,"column":12},"end":{"line":43,"column":77}},"14":{"start":{"line":45,"column":12},"end":{"line":45,"column":87}},"15":{"start":{"line":21,"column":13},"end":{"line":21,"column":34}},"16":{"start":{"line":27,"column":10},"end":{"line":34,"column":null}},"17":{"start":{"line":40,"column":10},"end":{"line":47,"column":null}},"18":{"start":{"line":21,"column":13},"end":{"line":48,"column":null}}},"fnMap":{"0":{"name":"(anonymous_4)","decl":{"start":{"line":22,"column":4},"end":{"line":22,"column":24}},"loc":{"start":{"line":22,"column":62},"end":{"line":22,"column":66}}},"1":{"name":"(anonymous_5)","decl":{"start":{"line":27,"column":4},"end":{"line":27,"column":9}},"loc":{"start":{"line":27,"column":96},"end":{"line":34,"column":5}}},"2":{"name":"(anonymous_6)","decl":{"start":{"line":40,"column":4},"end":{"line":40,"column":9}},"loc":{"start":{"line":40,"column":56},"end":{"line":47,"column":5}}}},"branchMap":{},"s":{"0":1,"1":1,"2":1,"3":1,"4":1,"5":1,"6":4,"7":2,"8":2,"9":2,"10":1,"11":2,"12":2,"13":2,"14":1,"15":1,"16":1,"17":1,"18":1},"f":{"0":4,"1":2,"2":2},"b":{}}
,"C:\\Users\\marku\\SoftwareProjects\\University\\tastyplan\\api\\src\\preferences\\preferences.service.ts": {"path":"C:\\Users\\marku\\SoftwareProjects\\University\\tastyplan\\api\\src\\preferences\\preferences.service.ts","statementMap":{"0":{"start":{"line":1,"column":0},"end":{"line":1,"column":59}},"1":{"start":{"line":3,"column":0},"end":{"line":3,"column":101}},"2":{"start":{"line":6,"column":7},"end":{"line":48,"column":null}},"3":{"start":{"line":7,"column":24},"end":{"line":7,"column":44}},"4":{"start":{"line":10,"column":8},"end":{"line":26,"column":9}},"5":{"start":{"line":11,"column":36},"end":{"line":11,"column":69}},"6":{"start":{"line":12,"column":44},"end":{"line":15,"column":14}},"7":{"start":{"line":13,"column":35},"end":{"line":13,"column":95}},"8":{"start":{"line":14,"column":16},"end":{"line":14,"column":45}},"9":{"start":{"line":16,"column":34},"end":{"line":16,"column":76}},"10":{"start":{"line":18,"column":32},"end":{"line":18,"column":91}},"11":{"start":{"line":20,"column":12},"end":{"line":20,"column":96}},"12":{"start":{"line":21,"column":12},"end":{"line":21,"column":60}},"13":{"start":{"line":23,"column":12},"end":{"line":23,"column":31}},"14":{"start":{"line":25,"column":12},"end":{"line":25,"column":99}},"15":{"start":{"line":30,"column":8},"end":{"line":34,"column":9}},"16":{"start":{"line":31,"column":12},"end":{"line":31,"column":79}},"17":{"start":{"line":33,"column":12},"end":{"line":33,"column":92}},"18":{"start":{"line":38,"column":8},"end":{"line":46,"column":10}},"19":{"start":{"line":6,"column":13},"end":{"line":6,"column":31}},"20":{"start":{"line":6,"column":13},"end":{"line":48,"column":null}}},"fnMap":{"0":{"name":"(anonymous_2)","decl":{"start":{"line":7,"column":4},"end":{"line":7,"column":24}},"loc":{"start":{"line":7,"column":62},"end":{"line":7,"column":66}}},"1":{"name":"(anonymous_3)","decl":{"start":{"line":9,"column":4},"end":{"line":9,"column":9}},"loc":{"start":{"line":9,"column":77},"end":{"line":27,"column":5}}},"2":{"name":"(anonymous_4)","decl":{"start":{"line":12,"column":64},"end":{"line":12,"column":69}},"loc":{"start":{"line":12,"column":79},"end":{"line":15,"column":13}}},"3":{"name":"(anonymous_5)","decl":{"start":{"line":29,"column":4},"end":{"line":29,"column":9}},"loc":{"start":{"line":29,"column":39},"end":{"line":35,"column":5}}},"4":{"name":"(anonymous_6)","decl":{"start":{"line":37,"column":4},"end":{"line":37,"column":21}},"loc":{"start":{"line":37,"column":82},"end":{"line":47,"column":5}}}},"branchMap":{},"s":{"0":11,"1":11,"2":11,"3":9,"4":1,"5":1,"6":1,"7":0,"8":0,"9":1,"10":1,"11":1,"12":1,"13":0,"14":0,"15":5,"16":5,"17":0,"18":2,"19":11,"20":11},"f":{"0":9,"1":1,"2":0,"3":5,"4":2},"b":{}}
,"C:\\Users\\marku\\SoftwareProjects\\University\\tastyplan\\api\\src\\prisma\\prisma.service.ts": {"path":"C:\\Users\\marku\\SoftwareProjects\\University\\tastyplan\\api\\src\\prisma\\prisma.service.ts","statementMap":{"0":{"start":{"line":1,"column":0},"end":{"line":1,"column":46}},"1":{"start":{"line":2,"column":0},"end":{"line":2,"column":47}},"2":{"start":{"line":3,"column":0},"end":{"line":3,"column":44}},"3":{"start":{"line":6,"column":7},"end":{"line":16,"column":null}},"4":{"start":{"line":8,"column":8},"end":{"line":14,"column":11}},"5":{"start":{"line":7,"column":24},"end":{"line":7,"column":39}},"6":{"start":{"line":6,"column":13},"end":{"line":6,"column":26}},"7":{"start":{"line":6,"column":13},"end":{"line":16,"column":null}}},"fnMap":{"0":{"name":"(anonymous_2)","decl":{"start":{"line":7,"column":4},"end":{"line":7,"column":24}},"loc":{"start":{"line":7,"column":52},"end":{"line":15,"column":5}}}},"branchMap":{},"s":{"0":17,"1":17,"2":17,"3":17,"4":7,"5":7,"6":17,"7":17},"f":{"0":7},"b":{}}
,"C:\\Users\\marku\\SoftwareProjects\\University\\tastyplan\\api\\src\\recipes\\recipes.controller.ts": {"path":"C:\\Users\\marku\\SoftwareProjects\\University\\tastyplan\\api\\src\\recipes\\recipes.controller.ts","statementMap":{"0":{"start":{"line":1,"column":0},"end":{"line":1,"column":63}},"1":{"start":{"line":2,"column":0},"end":{"line":2,"column":51}},"2":{"start":{"line":3,"column":0},"end":{"line":3,"column":54}},"3":{"start":{"line":5,"column":0},"end":{"line":5,"column":55}},"4":{"start":{"line":7,"column":0},"end":{"line":7,"column":46}},"5":{"start":{"line":8,"column":0},"end":{"line":8,"column":null}},"6":{"start":{"line":24,"column":7},"end":{"line":103,"column":null}},"7":{"start":{"line":26,"column":25},"end":{"line":26,"column":41}},"8":{"start":{"line":27,"column":25},"end":{"line":27,"column":47}},"9":{"start":{"line":35,"column":8},"end":{"line":40,"column":9}},"10":{"start":{"line":36,"column":25},"end":{"line":36,"column":45}},"11":{"start":{"line":37,"column":12},"end":{"line":37,"column":75}},"12":{"start":{"line":39,"column":12},"end":{"line":39,"column":87}},"13":{"start":{"line":48,"column":8},"end":{"line":52,"column":9}},"14":{"start":{"line":49,"column":12},"end":{"line":49,"column":61}},"15":{"start":{"line":51,"column":12},"end":{"line":51,"column":87}},"16":{"start":{"line":57,"column":8},"end":{"line":68,"column":9}},"17":{"start":{"line":58,"column":12},"end":{"line":58,"column":71}},"18":{"start":{"line":60,"column":12},"end":{"line":67,"column":14}},"19":{"start":{"line":76,"column":8},"end":{"line":80,"column":9}},"20":{"start":{"line":77,"column":12},"end":{"line":77,"column":74}},"21":{"start":{"line":79,"column":12},"end":{"line":79,"column":87}},"22":{"start":{"line":85,"column":8},"end":{"line":89,"column":9}},"23":{"start":{"line":86,"column":12},"end":{"line":86,"column":53}},"24":{"start":{"line":88,"column":12},"end":{"line":88,"column":87}},"25":{"start":{"line":94,"column":8},"end":{"line":101,"column":9}},"26":{"start":{"line":95,"column":12},"end":{"line":97,"column":13}},"27":{"start":{"line":96,"column":16},"end":{"line":96,"column":64}},"28":{"start":{"line":98,"column":12},"end":{"line":98,"column":22}},"29":{"start":{"line":100,"column":12},"end":{"line":100,"column":87}},"30":{"start":{"line":24,"column":13},"end":{"line":24,"column":30}},"31":{"start":{"line":34,"column":17},"end":{"line":41,"column":null}},"32":{"start":{"line":47,"column":10},"end":{"line":53,"column":null}},"33":{"start":{"line":56,"column":10},"end":{"line":69,"column":null}},"34":{"start":{"line":75,"column":17},"end":{"line":81,"column":null}},"35":{"start":{"line":84,"column":11},"end":{"line":90,"column":null}},"36":{"start":{"line":93,"column":10},"end":{"line":102,"column":null}},"37":{"start":{"line":24,"column":13},"end":{"line":103,"column":null}}},"fnMap":{"0":{"name":"(anonymous_4)","decl":{"start":{"line":25,"column":4},"end":{"line":25,"column":null}},"loc":{"start":{"line":27,"column":67},"end":{"line":28,"column":8}}},"1":{"name":"(anonymous_5)","decl":{"start":{"line":34,"column":11},"end":{"line":34,"column":16}},"loc":{"start":{"line":34,"column":81},"end":{"line":41,"column":5}}},"2":{"name":"(anonymous_6)","decl":{"start":{"line":47,"column":4},"end":{"line":47,"column":9}},"loc":{"start":{"line":47,"column":23},"end":{"line":53,"column":5}}},"3":{"name":"(anonymous_7)","decl":{"start":{"line":56,"column":4},"end":{"line":56,"column":9}},"loc":{"start":{"line":56,"column":57},"end":{"line":69,"column":5}}},"4":{"name":"(anonymous_8)","decl":{"start":{"line":75,"column":11},"end":{"line":75,"column":16}},"loc":{"start":{"line":75,"column":56},"end":{"line":81,"column":5}}},"5":{"name":"(anonymous_9)","decl":{"start":{"line":84,"column":11},"end":{"line":84,"column":18}},"loc":{"start":{"line":84,"column":42},"end":{"line":90,"column":5}}},"6":{"name":"(anonymous_10)","decl":{"start":{"line":93,"column":4},"end":{"line":93,"column":9}},"loc":{"start":{"line":93,"column":52},"end":{"line":102,"column":5}}}},"branchMap":{"0":{"loc":{"start":{"line":95,"column":12},"end":{"line":97,"column":13}},"type":"if","locations":[{"start":{"line":95,"column":12},"end":{"line":97,"column":13}}]}},"s":{"0":1,"1":1,"2":1,"3":1,"4":1,"5":1,"6":1,"7":12,"8":12,"9":2,"10":2,"11":2,"12":1,"13":2,"14":2,"15":1,"16":2,"17":2,"18":1,"19":2,"20":2,"21":1,"22":2,"23":2,"24":1,"25":2,"26":2,"27":2,"28":0,"29":1,"30":1,"31":1,"32":1,"33":1,"34":1,"35":1,"36":1,"37":1},"f":{"0":12,"1":2,"2":2,"3":2,"4":2,"5":2,"6":2},"b":{"0":[2]}}
,"C:\\Users\\marku\\SoftwareProjects\\University\\tastyplan\\api\\src\\recipes\\recipes.service.ts": {"path":"C:\\Users\\marku\\SoftwareProjects\\University\\tastyplan\\api\\src\\recipes\\recipes.service.ts","statementMap":{"0":{"start":{"line":1,"column":0},"end":{"line":1,"column":73}},"1":{"start":{"line":2,"column":0},"end":{"line":2,"column":63}},"2":{"start":{"line":3,"column":0},"end":{"line":3,"column":63}},"3":{"start":{"line":4,"column":0},"end":{"line":4,"column":49}},"4":{"start":{"line":7,"column":0},"end":{"line":7,"column":73}},"5":{"start":{"line":8,"column":0},"end":{"line":8,"column":74}},"6":{"start":{"line":10,"column":0},"end":{"line":10,"column":82}},"7":{"start":{"line":11,"column":0},"end":{"line":11,"column":54}},"8":{"start":{"line":14,"column":7},"end":{"line":224,"column":null}},"9":{"start":{"line":16,"column":48},"end":{"line":16,"column":60}},"10":{"start":{"line":17,"column":16},"end":{"line":17,"column":37}},"11":{"start":{"line":18,"column":16},"end":{"line":18,"column":37}},"12":{"start":{"line":19,"column":16},"end":{"line":19,"column":31}},"13":{"start":{"line":20,"column":16},"end":{"line":20,"column":43}},"14":{"start":{"line":21,"column":16},"end":{"line":21,"column":36}},"15":{"start":{"line":25,"column":8},"end":{"line":29,"column":9}},"16":{"start":{"line":26,"column":12},"end":{"line":26,"column":65}},"17":{"start":{"line":28,"column":12},"end":{"line":28,"column":89}},"18":{"start":{"line":33,"column":24},"end":{"line":33,"column":71}},"19":{"start":{"line":34,"column":8},"end":{"line":34,"column":38}},"20":{"start":{"line":38,"column":24},"end":{"line":38,"column":66}},"21":{"start":{"line":39,"column":33},"end":{"line":39,"column":60}},"22":{"start":{"line":40,"column":8},"end":{"line":40,"column":61}},"23":{"start":{"line":44,"column":28},"end":{"line":50,"column":null}},"24":{"start":{"line":52,"column":8},"end":{"line":52,"column":72}},"25":{"start":{"line":61,"column":35},"end":{"line":61,"column":82}},"26":{"start":{"line":62,"column":38},"end":{"line":62,"column":46}},"27":{"start":{"line":63,"column":37},"end":{"line":63,"column":72}},"28":{"start":{"line":65,"column":38},"end":{"line":78,"column":10}},"29":{"start":{"line":79,"column":41},"end":{"line":85,"column":10}},"30":{"start":{"line":86,"column":40},"end":{"line":103,"column":10}},"31":{"start":{"line":105,"column":27},"end":{"line":131,"column":null}},"32":{"start":{"line":107,"column":16},"end":{"line":113,"column":17}},"33":{"start":{"line":111,"column":20},"end":{"line":111,"column":116}},"34":{"start":{"line":111,"column":47},"end":{"line":111,"column":114}},"35":{"start":{"line":112,"column":20},"end":{"line":112,"column":41}},"36":{"start":{"line":114,"column":16},"end":{"line":120,"column":17}},"37":{"start":{"line":118,"column":20},"end":{"line":118,"column":90}},"38":{"start":{"line":118,"column":47},"end":{"line":118,"column":88}},"39":{"start":{"line":119,"column":20},"end":{"line":119,"column":44}},"40":{"start":{"line":121,"column":16},"end":{"line":127,"column":17}},"41":{"start":{"line":125,"column":20},"end":{"line":125,"column":65}},"42":{"start":{"line":125,"column":47},"end":{"line":125,"column":63}},"43":{"start":{"line":126,"column":20},"end":{"line":126,"column":43}},"44":{"start":{"line":129,"column":16},"end":{"line":129,"column":27}},"45":{"start":{"line":134,"column":8},"end":{"line":134,"column":63}},"46":{"start":{"line":138,"column":8},"end":{"line":165,"column":9}},"47":{"start":{"line":139,"column":22},"end":{"line":139,"column":23}},"48":{"start":{"line":140,"column":32},"end":{"line":140,"column":84}},"49":{"start":{"line":143,"column":12},"end":{"line":146,"column":13}},"50":{"start":{"line":144,"column":45},"end":{"line":144,"column":117}},"51":{"start":{"line":145,"column":16},"end":{"line":145,"column":78}},"52":{"start":{"line":148,"column":44},"end":{"line":150,"column":null}},"53":{"start":{"line":153,"column":12},"end":{"line":155,"column":13}},"54":{"start":{"line":154,"column":16},"end":{"line":154,"column":100}},"55":{"start":{"line":157,"column":35},"end":{"line":157,"column":61}},"56":{"start":{"line":158,"column":30},"end":{"line":158,"column":56}},"57":{"start":{"line":159,"column":28},"end":{"line":159,"column":112}},"58":{"start":{"line":159,"column":101},"end":{"line":159,"column":110}},"59":{"start":{"line":161,"column":12},"end":{"line":161,"column":27}},"60":{"start":{"line":163,"column":12},"end":{"line":163,"column":31}},"61":{"start":{"line":164,"column":12},"end":{"line":164,"column":98}},"62":{"start":{"line":168,"column":22},"end":{"line":168,"column":24}},"63":{"start":{"line":169,"column":22},"end":{"line":169,"column":24}},"64":{"start":{"line":172,"column":8},"end":{"line":186,"column":9}},"65":{"start":{"line":173,"column":12},"end":{"line":182,"column":13}},"66":{"start":{"line":174,"column":16},"end":{"line":174,"column":92}},"67":{"start":{"line":175,"column":16},"end":{"line":177,"column":17}},"68":{"start":{"line":176,"column":20},"end":{"line":176,"column":100}},"69":{"start":{"line":178,"column":16},"end":{"line":178,"column":94}},"70":{"start":{"line":180,"column":16},"end":{"line":180,"column":37}},"71":{"start":{"line":181,"column":16},"end":{"line":181,"column":98}},"72":{"start":{"line":183,"column":12},"end":{"line":183,"column":78}},"73":{"start":{"line":185,"column":12},"end":{"line":185,"column":45}},"74":{"start":{"line":188,"column":31},"end":{"line":188,"column":87}},"75":{"start":{"line":190,"column":8},"end":{"line":199,"column":9}},"76":{"start":{"line":191,"column":27},"end":{"line":191,"column":83}},"77":{"start":{"line":192,"column":12},"end":{"line":192,"column":26}},"78":{"start":{"line":194,"column":12},"end":{"line":196,"column":13}},"79":{"start":{"line":195,"column":16},"end":{"line":195,"column":80}},"80":{"start":{"line":197,"column":12},"end":{"line":197,"column":31}},"81":{"start":{"line":198,"column":12},"end":{"line":198,"column":73}},"82":{"start":{"line":203,"column":8},"end":{"line":203,"column":56}},"83":{"start":{"line":207,"column":8},"end":{"line":207,"column":51}},"84":{"start":{"line":210,"column":8},"end":{"line":215,"column":9}},"85":{"start":{"line":211,"column":12},"end":{"line":211,"column":94}},"86":{"start":{"line":213,"column":12},"end":{"line":213,"column":33}},"87":{"start":{"line":214,"column":12},"end":{"line":214,"column":94}},"88":{"start":{"line":219,"column":8},"end":{"line":222,"column":12}},"89":{"start":{"line":219,"column":39},"end":{"line":221,"column":null}},"90":{"start":{"line":221,"column":64},"end":{"line":221,"column":117}},"91":{"start":{"line":14,"column":13},"end":{"line":14,"column":27}},"92":{"start":{"line":14,"column":13},"end":{"line":224,"column":null}}},"fnMap":{"0":{"name":"(anonymous_4)","decl":{"start":{"line":15,"column":4},"end":{"line":15,"column":null}},"loc":{"start":{"line":21,"column":54},"end":{"line":22,"column":8}}},"1":{"name":"(anonymous_5)","decl":{"start":{"line":24,"column":4},"end":{"line":24,"column":9}},"loc":{"start":{"line":24,"column":29},"end":{"line":30,"column":5}}},"2":{"name":"(anonymous_6)","decl":{"start":{"line":32,"column":4},"end":{"line":32,"column":9}},"loc":{"start":{"line":32,"column":32},"end":{"line":35,"column":5}}},"3":{"name":"(anonymous_7)","decl":{"start":{"line":37,"column":4},"end":{"line":37,"column":9}},"loc":{"start":{"line":37,"column":22},"end":{"line":41,"column":5}}},"4":{"name":"(anonymous_8)","decl":{"start":{"line":43,"column":4},"end":{"line":43,"column":9}},"loc":{"start":{"line":43,"column":60},"end":{"line":53,"column":5}}},"5":{"name":"(anonymous_9)","decl":{"start":{"line":55,"column":4},"end":{"line":55,"column":20}},"loc":{"start":{"line":59,"column":11},"end":{"line":135,"column":5}}},"6":{"name":"(anonymous_10)","decl":{"start":{"line":106,"column":12},"end":{"line":106,"column":13}},"loc":{"start":{"line":106,"column":26},"end":{"line":130,"column":13}}},"7":{"name":"(anonymous_11)","decl":{"start":{"line":111,"column":37},"end":{"line":111,"column":38}},"loc":{"start":{"line":111,"column":47},"end":{"line":111,"column":114}}},"8":{"name":"(anonymous_12)","decl":{"start":{"line":118,"column":37},"end":{"line":118,"column":38}},"loc":{"start":{"line":118,"column":47},"end":{"line":118,"column":88}}},"9":{"name":"(anonymous_13)","decl":{"start":{"line":125,"column":37},"end":{"line":125,"column":38}},"loc":{"start":{"line":125,"column":47},"end":{"line":125,"column":63}}},"10":{"name":"(anonymous_14)","decl":{"start":{"line":137,"column":4},"end":{"line":137,"column":9}},"loc":{"start":{"line":137,"column":55},"end":{"line":166,"column":5}}},"11":{"name":"(anonymous_15)","decl":{"start":{"line":159,"column":89},"end":{"line":159,"column":90}},"loc":{"start":{"line":159,"column":101},"end":{"line":159,"column":110}}},"12":{"name":"(anonymous_16)","decl":{"start":{"line":167,"column":4},"end":{"line":167,"column":9}},"loc":{"start":{"line":167,"column":49},"end":{"line":200,"column":5}}},"13":{"name":"(anonymous_17)","decl":{"start":{"line":202,"column":4},"end":{"line":202,"column":9}},"loc":{"start":{"line":202,"column":23},"end":{"line":204,"column":5}}},"14":{"name":"(anonymous_18)","decl":{"start":{"line":206,"column":4},"end":{"line":206,"column":24}},"loc":{"start":{"line":206,"column":45},"end":{"line":208,"column":5}}},"15":{"name":"(anonymous_19)","decl":{"start":{"line":209,"column":4},"end":{"line":209,"column":9}},"loc":{"start":{"line":209,"column":50},"end":{"line":216,"column":5}}},"16":{"name":"(anonymous_20)","decl":{"start":{"line":218,"column":4},"end":{"line":218,"column":17}},"loc":{"start":{"line":218,"column":53},"end":{"line":223,"column":5}}},"17":{"name":"(anonymous_21)","decl":{"start":{"line":219,"column":27},"end":{"line":219,"column":28}},"loc":{"start":{"line":219,"column":39},"end":{"line":221,"column":null}}},"18":{"name":"(anonymous_22)","decl":{"start":{"line":221,"column":48},"end":{"line":221,"column":49}},"loc":{"start":{"line":221,"column":64},"end":{"line":221,"column":117}}}},"branchMap":{"0":{"loc":{"start":{"line":34,"column":15},"end":{"line":34,"column":37}},"type":"cond-expr","locations":[{"start":{"line":34,"column":25},"end":{"line":34,"column":32}},{"start":{"line":34,"column":35},"end":{"line":34,"column":37}}]},"1":{"loc":{"start":{"line":46,"column":25},"end":{"line":46,"column":63}},"type":"binary-expr","locations":[{"start":{"line":46,"column":25},"end":{"line":46,"column":58}},{"start":{"line":46,"column":62},"end":{"line":46,"column":63}}]},"2":{"loc":{"start":{"line":47,"column":27},"end":{"line":47,"column":65}},"type":"binary-expr","locations":[{"start":{"line":47,"column":27},"end":{"line":47,"column":60}},{"start":{"line":47,"column":64},"end":{"line":47,"column":65}}]},"3":{"loc":{"start":{"line":48,"column":23},"end":{"line":48,"column":59}},"type":"binary-expr","locations":[{"start":{"line":48,"column":23},"end":{"line":48,"column":54}},{"start":{"line":48,"column":58},"end":{"line":48,"column":59}}]},"4":{"loc":{"start":{"line":49,"column":22},"end":{"line":49,"column":43}},"type":"binary-expr","locations":[{"start":{"line":49,"column":22},"end":{"line":49,"column":38}},{"start":{"line":49,"column":42},"end":{"line":49,"column":43}}]},"5":{"loc":{"start":{"line":50,"column":24},"end":{"line":50,"column":55}},"type":"binary-expr","locations":[{"start":{"line":50,"column":24},"end":{"line":50,"column":41}},{"start":{"line":50,"column":45},"end":{"line":50,"column":55}}]},"6":{"loc":{"start":{"line":107,"column":16},"end":{"line":113,"column":17}},"type":"if","locations":[{"start":{"line":107,"column":16},"end":{"line":113,"column":17}}]},"7":{"loc":{"start":{"line":108,"column":20},"end":{"line":109,"column":70}},"type":"binary-expr","locations":[{"start":{"line":108,"column":20},"end":{"line":108,"column":64}},{"start":{"line":109,"column":20},"end":{"line":109,"column":70}}]},"8":{"loc":{"start":{"line":111,"column":47},"end":{"line":111,"column":114}},"type":"binary-expr","locations":[{"start":{"line":111,"column":47},"end":{"line":111,"column":69}},{"start":{"line":111,"column":73},"end":{"line":111,"column":94}},{"start":{"line":111,"column":98},"end":{"line":111,"column":114}}]},"9":{"loc":{"start":{"line":114,"column":16},"end":{"line":120,"column":17}},"type":"if","locations":[{"start":{"line":114,"column":16},"end":{"line":120,"column":17}}]},"10":{"loc":{"start":{"line":115,"column":20},"end":{"line":116,"column":73}},"type":"binary-expr","locations":[{"start":{"line":115,"column":20},"end":{"line":115,"column":67}},{"start":{"line":116,"column":20},"end":{"line":116,"column":73}}]},"11":{"loc":{"start":{"line":118,"column":47},"end":{"line":118,"column":88}},"type":"binary-expr","locations":[{"start":{"line":118,"column":47},"end":{"line":118,"column":68}},{"start":{"line":118,"column":72},"end":{"line":118,"column":88}}]},"12":{"loc":{"start":{"line":121,"column":16},"end":{"line":127,"column":17}},"type":"if","locations":[{"start":{"line":121,"column":16},"end":{"line":127,"column":17}}]},"13":{"loc":{"start":{"line":122,"column":20},"end":{"line":123,"column":72}},"type":"binary-expr","locations":[{"start":{"line":122,"column":20},"end":{"line":122,"column":66}},{"start":{"line":123,"column":20},"end":{"line":123,"column":72}}]},"14":{"loc":{"start":{"line":134,"column":15},"end":{"line":134,"column":62}},"type":"binary-expr","locations":[{"start":{"line":134,"column":15},"end":{"line":134,"column":48}},{"start":{"line":134,"column":52},"end":{"line":134,"column":62}}]},"15":{"loc":{"start":{"line":143,"column":12},"end":{"line":146,"column":13}},"type":"if","locations":[{"start":{"line":143,"column":12},"end":{"line":146,"column":13}}]},"16":{"loc":{"start":{"line":150,"column":16},"end":{"line":150,"column":49}},"type":"binary-expr","locations":[{"start":{"line":150,"column":16},"end":{"line":150,"column":36}},{"start":{"line":150,"column":40},"end":{"line":150,"column":49}}]},"17":{"loc":{"start":{"line":153,"column":12},"end":{"line":155,"column":13}},"type":"if","locations":[{"start":{"line":153,"column":12},"end":{"line":155,"column":13}}]},"18":{"loc":{"start":{"line":172,"column":8},"end":{"line":186,"column":9}},"type":"if","locations":[{"start":{"line":172,"column":8},"end":{"line":186,"column":9}},{"start":{"line":184,"column":15},"end":{"line":186,"column":9}}]},"19":{"loc":{"start":{"line":175,"column":16},"end":{"line":177,"column":17}},"type":"if","locations":[{"start":{"line":175,"column":16},"end":{"line":177,"column":17}}]},"20":{"loc":{"start":{"line":194,"column":12},"end":{"line":196,"column":13}},"type":"if","locations":[{"start":{"line":194,"column":12},"end":{"line":196,"column":13}}]}},"s":{"0":5,"1":5,"2":5,"3":5,"4":5,"5":5,"6":5,"7":5,"8":5,"9":17,"10":17,"11":17,"12":17,"13":17,"14":17,"15":1,"16":1,"17":0,"18":0,"19":0,"20":0,"21":0,"22":0,"23":0,"24":0,"25":6,"26":6,"27":6,"28":6,"29":6,"30":6,"31":6,"32":22,"33":1,"34":4,"35":1,"36":22,"37":1,"38":5,"39":1,"40":22,"41":4,"42":16,"43":4,"44":22,"45":6,"46":0,"47":0,"48":0,"49":0,"50":0,"51":0,"52":0,"53":0,"54":0,"55":0,"56":0,"57":0,"58":0,"59":0,"60":0,"61":0,"62":0,"63":0,"64":0,"65":0,"66":0,"67":0,"68":0,"69":0,"70":0,"71":0,"72":0,"73":0,"74":0,"75":0,"76":0,"77":0,"78":0,"79":0,"80":0,"81":0,"82":0,"83":1,"84":0,"85":0,"86":0,"87":0,"88":1,"89":3,"90":6,"91":5,"92":5},"f":{"0":17,"1":1,"2":0,"3":0,"4":0,"5":6,"6":22,"7":4,"8":5,"9":16,"10":0,"11":0,"12":0,"13":0,"14":1,"15":0,"16":1,"17":3,"18":6},"b":{"0":[0,0],"1":[0,0],"2":[0,0],"3":[0,0],"4":[0,0],"5":[0,0],"6":[1],"7":[22,22],"8":[4,3,2],"9":[1],"10":[22,21],"11":[5,2],"12":[4],"13":[22,18],"14":[6,0],"15":[0],"16":[0,0],"17":[0],"18":[0,0],"19":[0],"20":[0]}}
,"C:\\Users\\marku\\SoftwareProjects\\University\\tastyplan\\api\\src\\recipes\\recipesFilter.service.ts": {"path":"C:\\Users\\marku\\SoftwareProjects\\University\\tastyplan\\api\\src\\recipes\\recipesFilter.service.ts","statementMap":{"0":{"start":{"line":1,"column":0},"end":{"line":1,"column":58}},"1":{"start":{"line":3,"column":0},"end":{"line":3,"column":74}},"2":{"start":{"line":18,"column":23},"end":{"line":24,"column":2}},"3":{"start":{"line":27,"column":7},"end":{"line":72,"column":null}},"4":{"start":{"line":28,"column":24},"end":{"line":28,"column":39}},"5":{"start":{"line":31,"column":73},"end":{"line":31,"column":84}},"6":{"start":{"line":32,"column":36},"end":{"line":32,"column":95}},"7":{"start":{"line":32,"column":87},"end":{"line":32,"column":94}},"8":{"start":{"line":33,"column":8},"end":{"line":70,"column":9}},"9":{"start":{"line":34,"column":28},"end":{"line":65,"column":14}},"10":{"start":{"line":67,"column":12},"end":{"line":67,"column":102}},"11":{"start":{"line":69,"column":12},"end":{"line":69,"column":98}},"12":{"start":{"line":27,"column":13},"end":{"line":27,"column":33}},"13":{"start":{"line":27,"column":13},"end":{"line":72,"column":null}}},"fnMap":{"0":{"name":"(anonymous_2)","decl":{"start":{"line":28,"column":4},"end":{"line":28,"column":24}},"loc":{"start":{"line":28,"column":52},"end":{"line":28,"column":56}}},"1":{"name":"(anonymous_3)","decl":{"start":{"line":30,"column":4},"end":{"line":30,"column":9}},"loc":{"start":{"line":30,"column":70},"end":{"line":71,"column":5}}},"2":{"name":"(anonymous_4)","decl":{"start":{"line":32,"column":65},"end":{"line":32,"column":66}},"loc":{"start":{"line":32,"column":87},"end":{"line":32,"column":94}}}},"branchMap":{"0":{"loc":{"start":{"line":36,"column":24},"end":{"line":42,"column":30}},"type":"cond-expr","locations":[{"start":{"line":37,"column":26},"end":{"line":41,"column":null}},{"start":{"line":42,"column":26},"end":{"line":42,"column":30}}]}},"s":{"0":8,"1":8,"2":8,"3":8,"4":3,"5":4,"6":4,"7":0,"8":4,"9":4,"10":4,"11":0,"12":8,"13":8},"f":{"0":3,"1":4,"2":0},"b":{"0":[0,4]}}
[...]
c":{"start":{"line":313,"column":75},"end":{"line":326,"column":5}}},"22":{"name":"(anonymous_24)","decl":{"start":{"line":317,"column":53},"end":{"line":317,"column":54}},"loc":{"start":{"line":317,"column":110},"end":{"line":325,"column":9}}},"23":{"name":"(anonymous_25)","decl":{"start":{"line":328,"column":4},"end":{"line":328,"column":28}},"loc":{"start":{"line":328,"column":93},"end":{"line":338,"column":5}}},"24":{"name":"(anonymous_26)","decl":{"start":{"line":330,"column":54},"end":{"line":330,"column":55}},"loc":{"start":{"line":330,"column":71},"end":{"line":330,"column":77}}},"25":{"name":"(anonymous_27)","decl":{"start":{"line":335,"column":24},"end":{"line":335,"column":25}},"loc":{"start":{"line":335,"column":34},"end":{"line":335,"column":45}}},"26":{"name":"(anonymous_28)","decl":{"start":{"line":339,"column":4},"end":{"line":339,"column":25}},"loc":{"start":{"line":343,"column":73},"end":{"line":352,"column":5}}}},"branchMap":{"0":{"loc":{"start":{"line":20,"column":48},"end":{"line":20,"column":70}},"type":"default-arg","locations":[{"start":{"line":20,"column":60},"end":{"line":20,"column":70}}]},"1":{"loc":{"start":{"line":24,"column":16},"end":{"line":28,"column":17}},"type":"if","locations":[{"start":{"line":24,"column":16},"end":{"line":28,"column":17}}]},"2":{"loc":{"start":{"line":24,"column":20},"end":{"line":24,"column":55}},"type":"binary-expr","locations":[{"start":{"line":24,"column":20},"end":{"line":24,"column":38}},{"start":{"line":24,"column":42},"end":{"line":24,"column":55}}]},"3":{"loc":{"start":{"line":27,"column":27},"end":{"line":27,"column":53}},"type":"binary-expr","locations":[{"start":{"line":27,"column":27},"end":{"line":27,"column":39}},{"start":{"line":27,"column":43},"end":{"line":27,"column":53}}]},"4":{"loc":{"start":{"line":70,"column":23},"end":{"line":78,"column":null}},"type":"binary-expr","locations":[{"start":{"line":70,"column":23},"end":{"line":70,"column":34}},{"start":{"line":70,"column":38},"end":{"line":78,"column":null}}]},"5":{"loc":{"start":{"line":79,"column":24},"end":{"line":87,"column":null}},"type":"binary-expr","locations":[{"start":{"line":79,"column":24},"end":{"line":79,"column":36}},{"start":{"line":79,"column":40},"end":{"line":87,"column":null}}]},"6":{"loc":{"start":{"line":97,"column":8},"end":{"line":99,"column":9}},"type":"if","locations":[{"start":{"line":97,"column":8},"end":{"line":99,"column":9}}]},"7":{"loc":{"start":{"line":104,"column":64},"end":{"line":104,"column":85}},"type":"default-arg","locations":[{"start":{"line":104,"column":80},"end":{"line":104,"column":85}}]},"8":{"loc":{"start":{"line":108,"column":8},"end":{"line":115,"column":9}},"type":"if","locations":[{"start":{"line":108,"column":8},"end":{"line":115,"column":9}}]},"9":{"loc":{"start":{"line":109,"column":12},"end":{"line":114,"column":13}},"type":"if","locations":[{"start":{"line":109,"column":12},"end":{"line":114,"column":13}},{"start":{"line":111,"column":19},"end":{"line":114,"column":13}}]},"10":{"loc":{"start":{"line":119,"column":8},"end":{"line":127,"column":9}},"type":"if","locations":[{"start":{"line":119,"column":8},"end":{"line":127,"column":9}}]},"11":{"loc":{"start":{"line":140,"column":12},"end":{"line":147,"column":13}},"type":"if","locations":[{"start":{"line":140,"column":12},"end":{"line":147,"column":13}},{"start":{"line":143,"column":19},"end":{"line":147,"column":13}}]},"12":{"loc":{"start":{"line":158,"column":12},"end":{"line":161,"column":13}},"type":"if","locations":[{"start":{"line":158,"column":12},"end":{"line":161,"column":13}}]},"13":{"loc":{"start":{"line":172,"column":8},"end":{"line":172,"column":44}},"type":"default-arg","locations":[{"start":{"line":172,"column":42},"end":{"line":172,"column":44}}]},"14":{"loc":{"start":{"line":212,"column":39},"end":{"line":212,"column":83}},"type":"cond-expr","locations":[{"start":{"line":212,"column":60},"end":{"line":212,"column":79}},{"start":{"line":212,"column":82},"end":{"line":212,"column":83}}]},"15":{"loc":{"start":{"line":217,"column":12},"end":{"line":219,"column":13}},"type":"if","locations":[{"start":{"line":217,"column":12},"end":{"line":219,"column":13}}]},"16":{"loc":{"start":{"line":220,"column":12},"end":{"line":238,"column":13}},"type":"if","locations":[{"start":{"line":220,"column":12},"end":{"line":238,"column":13}},{"start":{"line":229,"column":19},"end":{"line":238,"column":13}}]},"17":{"loc":{"start":{"line":221,"column":16},"end":{"line":228,"column":17}},"type":"if","locations":[{"start":{"line":221,"column":16},"end":{"line":228,"column":17}},{"start":{"line":226,"column":23},"end":{"line":228,"column":17}}]},"18":{"loc":{"start":{"line":229,"column":19},"end":{"line":238,"column":13}},"type":"if","locations":[{"start":{"line":229,"column":19},"end":{"line":238,"column":13}}]},"19":{"loc":{"start":{"line":230,"column":16},"end":{"line":237,"column":17}},"type":"if","locations":[{"start":{"line":230,"column":16},"end":{"line":237,"column":17}},{"start":{"line":235,"column":23},"end":{"line":237,"column":17}}]},"20":{"loc":{"start":{"line":240,"column":12},"end":{"line":243,"column":13}},"type":"if","locations":[{"start":{"line":240,"column":12},"end":{"line":243,"column":13}}]},"21":{"loc":{"start":{"line":255,"column":8},"end":{"line":255,"column":36}},"type":"default-arg","locations":[{"start":{"line":255,"column":26},"end":{"line":255,"column":36}}]},"22":{"loc":{"start":{"line":267,"column":12},"end":{"line":270,"column":13}},"type":"if","locations":[{"start":{"line":267,"column":12},"end":{"line":270,"column":13}}]},"23":{"loc":{"start":{"line":267,"column":16},"end":{"line":267,"column":64}},"type":"binary-expr","locations":[{"start":{"line":267,"column":16},"end":{"line":267,"column":50}},{"start":{"line":267,"column":54},"end":{"line":267,"column":64}}]},"24":{"loc":{"start":{"line":268,"column":40},"end":{"line":268,"column":78}},"type":"binary-expr","locations":[{"start":{"line":268,"column":40},"end":{"line":268,"column":73}},{"start":{"line":268,"column":77},"end":{"line":268,"column":78}}]},"25":{"loc":{"start":{"line":268,"column":40},"end":{"line":268,"column":73}},"type":"cond-expr","locations":[{"start":{"line":268,"column":69},"end":{"line":268,"column":71}},{"start":{"line":268,"column":69},"end":{"line":268,"column":73}}]},"26":{"loc":{"start":{"line":268,"column":40},"end":{"line":268,"column":71}},"type":"binary-expr","locations":[{"start":{"line":268,"column":40},"end":{"line":268,"column":71}},{"start":{"line":268,"column":69},"end":{"line":268,"column":71}}]},"27":{"loc":{"start":{"line":271,"column":12},"end":{"line":274,"column":13}},"type":"if","locations":[{"start":{"line":271,"column":12},"end":{"line":274,"column":13}}]},"28":{"loc":{"start":{"line":271,"column":16},"end":{"line":271,"column":65}},"type":"binary-expr","locations":[{"start":{"line":271,"column":16},"end":{"line":271,"column":50}},{"start":{"line":271,"column":54},"end":{"line":271,"column":65}}]},"29":{"loc":{"start":{"line":272,"column":41},"end":{"line":272,"column":79}},"type":"binary-expr","locations":[{"start":{"line":272,"column":41},"end":{"line":272,"column":74}},{"start":{"line":272,"column":78},"end":{"line":272,"column":79}}]},"30":{"loc":{"start":{"line":272,"column":41},"end":{"line":272,"column":74}},"type":"cond-expr","locations":[{"start":{"line":272,"column":70},"end":{"line":272,"column":72}},{"start":{"line":272,"column":70},"end":{"line":272,"column":74}}]},"31":{"loc":{"start":{"line":272,"column":41},"end":{"line":272,"column":72}},"type":"binary-expr","locations":[{"start":{"line":272,"column":41},"end":{"line":272,"column":72}},{"start":{"line":272,"column":70},"end":{"line":272,"column":72}}]},"32":{"loc":{"start":{"line":290,"column":56},"end":{"line":290,"column":80}},"type":"default-arg","locations":[{"start":{"line":290,"column":76},"end":{"line":290,"column":80}}]},"33":{"loc":{"start":{"line":292,"column":8},"end":{"line":304,"column":9}},"type":"if","locations":[{"start":{"line":292,"column":8},"end":{"line":304,"column":9}},{"start":{"line":299,"column":15},"end":{"line":304,"column":9}}]},"34":{"loc":{"start":{"line":314,"column":8},"end":{"line":316,"column":9}},"type":"if","locations":[{"start":{"line":314,"column":8},"end":{"line":316,"column":9}}]},"35":{"loc":{"start":{"line":318,"column":12},"end":{"line":320,"column":13}},"type":"if","locations":[{"start":{"line":318,"column":12},"end":{"line":320,"column":13}}]},"36":{"loc":{"start":{"line":318,"column":16},"end":{"line":318,"column":32}},"type":"cond-expr","locations":[{"start":{"line":318,"column":28},"end":{"line":318,"column":30}},{"start":{"line":318,"column":28},"end":{"line":318,"column":32}}]},"37":{"loc":{"start":{"line":318,"column":16},"end":{"line":318,"column":30}},"type":"binary-expr","locations":[{"start":{"line":318,"column":16},"end":{"line":318,"column":30}},{"start":{"line":318,"column":28},"end":{"line":318,"column":30}}]},"38":{"loc":{"start":{"line":321,"column":12},"end":{"line":323,"column":13}},"type":"if","locations":[{"start":{"line":321,"column":12},"end":{"line":323,"column":13}}]},"39":{"loc":{"start":{"line":321,"column":16},"end":{"line":321,"column":31}},"type":"cond-expr","locations":[{"start":{"line":321,"column":27},"end":{"line":321,"column":29}},{"start":{"line":321,"column":27},"end":{"line":321,"column":31}}]},"40":{"loc":{"start":{"line":321,"column":16},"end":{"line":321,"column":29}},"type":"binary-expr","locations":[{"start":{"line":321,"column":16},"end":{"line":321,"column":29}},{"start":{"line":321,"column":27},"end":{"line":321,"column":29}}]},"41":{"loc":{"start":{"line":329,"column":8},"end":{"line":331,"column":9}},"type":"if","locations":[{"start":{"line":329,"column":8},"end":{"line":331,"column":9}}]},"42":{"loc":{"start":{"line":332,"column":8},"end":{"line":336,"column":9}},"type":"if","locations":[{"start":{"line":332,"column":8},"end":{"line":336,"column":9}}]}},"s":{"0":3,"1":3,"2":3,"3":3,"4":3,"5":3,"6":23,"7":23,"8":23,"9":1,"10":1,"11":1,"12":2,"13":2,"14":2,"15":2,"16":0,"17":1,"18":0,"19":0,"20":0,"21":1,"22":1,"23":1,"24":0,"25":1,"26":0,"27":8,"28":50,"29":8,"30":42,"31":8,"32":2,"33":2,"34":0,"35":2,"36":1,"37":1,"38":1,"39":1,"40":0,"41":0,"42":0,"43":0,"44":1,"45":1,"46":1,"47":0,"48":0,"49":0,"50":1,"51":1,"52":3,"53":3,"54":3,"55":3,"56":3,"57":0,"58":0,"59":3,"60":3,"61":3,"62":0,"63":3,"64":0,"65":0,"66":0,"67":0,"68":0,"69":0,"70":0,"71":0,"72":4,"73":4,"74":4,"75":4,"76":4,"77":4,"78":4,"79":4,"80":4,"81":0,"82":0,"83":3,"84":0,"85":0,"86":0,"87":0,"88":0,"89":0,"90":0,"91":0,"92":0,"93":0,"94":0,"95":0,"96":0,"97":0,"98":0,"99":0,"100":0,"101":0,"102":6,"103":6,"104":6,"105":6,"106":6,"107":42,"108":42,"109":42,"110":42,"111":42,"112":42,"113":42,"114":42,"115":42,"116":42,"117":6,"118":1,"119":1,"120":1,"121":6,"122":6,"123":5,"124":5,"125":5,"126":5,"127":5,"128":5,"129":1,"130":1,"131":1,"132":1,"133":2,"134":2,"135":2,"136":1,"137":0,"138":1,"139":1,"140":1,"141":1,"142":1,"143":1,"144":5,"145":1,"146":16,"147":5,"148":4,"149":52,"150":5,"151":5,"152":3,"153":3},"f":{"0":23,"1":1,"2":2,"3":0,"4":1,"5":0,"6":8,"7":50,"8":42,"9":2,"10":1,"11":3,"12":0,"13":4,"14":3,"15":0,"16":6,"17":42,"18":1,"19":6,"20":2,"21":1,"22":1,"23":5,"24":16,"25":52,"26":5},"b":{"0":[0],"1":[2],"2":[2,2],"3":[2,1],"4":[50,50],"5":[50,50],"6":[0],"7":[0],"8":[0],"9":[0,0],"10":[0],"11":[0,3],"12":[0],"13":[3],"14":[0,0],"15":[0],"16":[0,0],"17":[0,0],"18":[0],"19":[0,0],"20":[0],"21":[4],"22":[42],"23":[42,42],"24":[42,0],"25":[0,42],"26":[42,42],"27":[42],"28":[42,42],"29":[42,0],"30":[0,42],"31":[42,42],"32":[5],"33":[5,1],"34":[0],"35":[1],"36":[0,1],"37":[1,1],"38":[1],"39":[0,1],"40":[1,1],"41":[1],"42":[4]}}
,"C:\\Users\\marku\\SoftwareProjects\\University\\tastyplan\\api\\tests\\test.util.ts": {"path":"C:\\Users\\marku\\SoftwareProjects\\University\\tastyplan\\api\\tests\\test.util.ts","statementMap":{"0":{"start":{"line":1,"column":0},"end":{"line":1,"column":44}},"1":{"start":{"line":2,"column":0},"end":{"line":2,"column":33}},"2":{"start":{"line":3,"column":0},"end":{"line":3,"column":53}},"3":{"start":{"line":4,"column":0},"end":{"line":4,"column":58}},"4":{"start":{"line":5,"column":0},"end":{"line":5,"column":37}},"5":{"start":{"line":6,"column":0},"end":{"line":6,"column":65}},"6":{"start":{"line":7,"column":0},"end":{"line":7,"column":71}},"7":{"start":{"line":9,"column":0},"end":{"line":9,"column":61}},"8":{"start":{"line":10,"column":0},"end":{"line":10,"column":47}},"9":{"start":{"line":12,"column":11},"end":{"line":12,"column":24}},"10":{"start":{"line":14,"column":18},"end":{"line":14,"column":33}},"11":{"start":{"line":16,"column":17},"end":{"line":22,"column":2}},"12":{"start":{"line":25,"column":22},"end":{"line":36,"column":16}},"13":{"start":{"line":38,"column":4},"end":{"line":38,"column":21}},"14":{"start":{"line":42,"column":22},"end":{"line":42,"column":50}},"15":{"start":{"line":43,"column":24},"end":{"line":43,"column":52}},"16":{"start":{"line":44,"column":19},"end":{"line":45,"column":null}},"17":{"start":{"line":47,"column":26},"end":{"line":47,"column":45}},"18":{"start":{"line":48,"column":4},"end":{"line":48,"column":63}},"19":{"start":{"line":49,"column":19},"end":{"line":49,"column":51}},"20":{"start":{"line":50,"column":4},"end":{"line":50,"column":18}},"21":{"start":{"line":41,"column":0},"end":{"line":41,"column":7}},"22":{"start":{"line":54,"column":29},"end":{"line":54,"column":36}},"23":{"start":{"line":55,"column":29},"end":{"line":55,"column":38}},"24":{"start":{"line":56,"column":22},"end":{"line":59,"column":16}},"25":{"start":{"line":61,"column":4},"end":{"line":61,"column":27}},"26":{"start":{"line":62,"column":41},"end":{"line":68,"column":6}},"27":{"start":{"line":69,"column":20},"end":{"line":69,"column":59}},"28":{"start":{"line":70,"column":4},"end":{"line":70,"column":19}},"29":{"start":{"line":53,"column":0},"end":{"line":53,"column":7}},"30":{"start":{"line":82,"column":4},"end":{"line":98,"column":5}},"31":{"start":{"line":83,"column":22},"end":{"line":83,"column":56}},"32":{"start":{"line":84,"column":28},"end":{"line":84,"column":88}},"33":{"start":{"line":85,"column":28},"end":{"line":85,"column":68}},"34":{"start":{"line":86,"column":8},"end":{"line":86,"column":58}},"35":{"start":{"line":87,"column":8},"end":{"line":87,"column":59}},"36":{"start":{"line":88,"column":11},"end":{"line":98,"column":5}},"37":{"start":{"line":89,"column":8},"end":{"line":89,"column":43}},"38":{"start":{"line":90,"column":11},"end":{"line":98,"column":5}},"39":{"start":{"line":91,"column":22},"end":{"line":91,"column":56}},"40":{"start":{"line":92,"column":28},"end":{"line":92,"column":88}},"41":{"start":{"line":93,"column":11},"end":{"line":98,"column":5}},"42":{"start":{"line":94,"column":8},"end":{"line":94,"column":49}},"43":{"start":{"line":95,"column":11},"end":{"line":98,"column":5}},"44":{"start":{"line":96,"column":28},"end":{"line":96,"column":68}},"45":{"start":{"line":97,"column":8},"end":{"line":97,"column":58}},"46":{"start":{"line":81,"column":0},"end":{"line":81,"column":7}},"47":{"start":{"line":102,"column":4},"end":{"line":130,"column":7}},"48":{"start":{"line":114,"column":59},"end":{"line":116,"column":22}},"49":{"start":{"line":134,"column":25},"end":{"line":141,"column":6}},"50":{"start":{"line":142,"column":29},"end":{"line":144,"column":6}},"51":{"start":{"line":145,"column":4},"end":{"line":145,"column":46}},"52":{"start":{"line":149,"column":4},"end":{"line":159,"column":7}},"53":{"start":{"line":163,"column":4},"end":{"line":192,"column":7}},"54":{"start":{"line":193,"column":4},"end":{"line":193,"column":53}},"55":{"start":{"line":197,"column":20},"end":{"line":197,"column":57}},"56":{"start":{"line":198,"column":4},"end":{"line":215,"column":7}},"57":{"start":{"line":207,"column":58},"end":{"line":211,"column":22}}},"fnMap":{"0":{"name":"setupPGTestContainer","decl":{"start":{"line":24,"column":15},"end":{"line":24,"column":35}},"loc":{"start":{"line":24,"column":35},"end":{"line":39,"column":1}}},"1":{"name":"setupPrismaService","decl":{"start":{"line":41,"column":22},"end":{"line":41,"column":40}},"loc":{"start":{"line":41,"column":57},"end":{"line":51,"column":1}}},"2":{"name":"setupElasticSearchService","decl":{"start":{"line":53,"column":22},"end":{"line":53,"column":47}},"loc":{"start":{"line":53,"column":47},"end":{"line":71,"column":1}}},"3":{"name":"seedDatabase","decl":{"start":{"line":81,"column":22},"end":{"line":81,"column":34}},"loc":{"start":{"line":81,"column":93},"end":{"line":99,"column":1}}},"4":{"name":"seedWithRecipes","decl":{"start":{"line":101,"column":15},"end":{"line":101,"column":30}},"loc":{"start":{"line":101,"column":91},"end":{"line":131,"column":1}}},"5":{"name":"(anonymous_5)","decl":{"start":{"line":114,"column":42},"end":{"line":114,"column":43}},"loc":{"start":{"line":114,"column":59},"end":{"line":116,"column":22}}},"6":{"name":"seedWithUsers","decl":{"start":{"line":133,"column":15},"end":{"line":133,"column":28}},"loc":{"start":{"line":133,"column":57},"end":{"line":146,"column":1}}},"7":{"name":"seedWithPreferences","decl":{"start":{"line":148,"column":15},"end":{"line":148,"column":34}},"loc":{"start":{"line":148,"column":75},"end":{"line":160,"column":1}}},"8":{"name":"seedWithIngredients","decl":{"start":{"line":162,"column":15},"end":{"line":162,"column":34}},"loc":{"start":{"line":162,"column":63},"end":{"line":194,"column":1}}},"9":{"name":"seedWithWeekplan","decl":{"start":{"line":196,"column":15},"end":{"line":196,"column":31}},"loc":{"start":{"line":196,"column":86},"end":{"line":216,"column":1}}},"10":{"name":"(anonymous_10)","decl":{"start":{"line":207,"column":38},"end":{"line":207,"column":39}},"loc":{"start":{"line":207,"column":58},"end":{"line":211,"column":22}}}},"branchMap":{"0":{"loc":{"start":{"line":41,"column":41},"end":{"line":41,"column":57}},"type":"default-arg","locations":[{"start":{"line":41,"column":52},"end":{"line":41,"column":57}}]},"1":{"loc":{"start":{"line":81,"column":65},"end":{"line":81,"column":93}},"type":"default-arg","locations":[{"start":{"line":81,"column":91},"end":{"line":81,"column":93}}]},"2":{"loc":{"start":{"line":82,"column":4},"end":{"line":98,"column":5}},"type":"if","locations":[{"start":{"line":82,"column":4},"end":{"line":98,"column":5}},{"start":{"line":88,"column":11},"end":{"line":98,"column":5}}]},"3":{"loc":{"start":{"line":88,"column":11},"end":{"line":98,"column":5}},"type":"if","locations":[{"start":{"line":88,"column":11},"end":{"line":98,"column":5}},{"start":{"line":90,"column":11},"end":{"line":98,"column":5}}]},"4":{"loc":{"start":{"line":90,"column":11},"end":{"line":98,"column":5}},"type":"if","locations":[{"start":{"line":90,"column":11},"end":{"line":98,"column":5}},{"start":{"line":93,"column":11},"end":{"line":98,"column":5}}]},"5":{"loc":{"start":{"line":93,"column":11},"end":{"line":98,"column":5}},"type":"if","locations":[{"start":{"line":93,"column":11},"end":{"line":98,"column":5}},{"start":{"line":95,"column":11},"end":{"line":98,"column":5}}]},"6":{"loc":{"start":{"line":95,"column":11},"end":{"line":98,"column":5}},"type":"if","locations":[{"start":{"line":95,"column":11},"end":{"line":98,"column":5}}]},"7":{"loc":{"start":{"line":101,"column":61},"end":{"line":101,"column":91}},"type":"default-arg","locations":[{"start":{"line":101,"column":89},"end":{"line":101,"column":91}}]}},"s":{"0":7,"1":7,"2":7,"3":7,"4":7,"5":7,"6":7,"7":7,"8":7,"9":7,"10":7,"11":7,"12":7,"13":7,"14":7,"15":7,"16":7,"17":7,"18":7,"19":7,"20":7,"21":7,"22":3,"23":3,"24":3,"25":3,"26":3,"27":3,"28":3,"29":7,"30":6,"31":6,"32":6,"33":6,"34":6,"35":6,"36":0,"37":0,"38":0,"39":0,"40":0,"41":0,"42":0,"43":0,"44":0,"45":0,"46":7,"47":6,"48":12,"49":6,"50":6,"51":6,"52":6,"53":6,"54":6,"55":6,"56":6,"57":6},"f":{"0":7,"1":7,"2":3,"3":6,"4":6,"5":12,"6":6,"7":6,"8":6,"9":6,"10":6},"b":{"0":[1],"1":[0],"2":[6,0],"3":[0,0],"4":[0,0],"5":[0,0],"6":[0],"7":[0]}}
}
