TN:
SF:src\auth\auth.controller.ts
FN:12,(anonymous_4)
FN:16,(anonymous_5)
FN:38,(anonymous_6)
FN:49,(anonymous_7)
FN:60,(anonymous_8)
FNF:5
FNH:4
FNDA:4,(anonymous_4)
FNDA:0,(anonymous_5)
FNDA:1,(anonymous_6)
FNDA:1,(anonymous_7)
FNDA:1,(anonymous_8)
DA:1,1
DA:2,1
DA:3,1
DA:6,1
DA:7,1
DA:11,1
DA:12,4
DA:16,1
DA:17,0
DA:19,0
DA:20,0
DA:22,0
DA:23,0
DA:25,0
DA:28,0
DA:29,0
DA:31,0
DA:33,0
DA:38,1
DA:39,1
DA:40,1
DA:41,1
DA:42,1
DA:44,0
DA:49,1
DA:50,1
DA:51,1
DA:52,1
DA:53,1
DA:55,0
DA:60,1
DA:61,1
DA:62,1
DA:64,0
LF:34
LH:21
BRDA:22,0,0,0
BRDA:22,0,1,0
BRDA:22,1,0,0
BRDA:22,1,1,0
BRDA:28,2,0,0
BRF:5
BRH:0
end_of_record
TN:
SF:src\auth\auth.service.ts
FN:16,(anonymous_2)
FN:18,(anonymous_3)
FN:31,(anonymous_4)
FN:46,(anonymous_5)
FN:57,(anonymous_6)
FN:67,(anonymous_7)
FN:76,(anonymous_8)
FNF:7
FNH:5
FNDA:5,(anonymous_2)
FNDA:1,(anonymous_3)
FNDA:0,(anonymous_4)
FNDA:2,(anonymous_5)
FNDA:1,(anonymous_6)
FNDA:2,(anonymous_7)
FNDA:0,(anonymous_8)
DA:3,2
DA:6,2
DA:7,2
DA:15,2
DA:16,5
DA:19,1
DA:20,1
DA:21,1
DA:22,1
DA:24,0
DA:32,0
DA:36,0
DA:37,0
DA:39,0
DA:44,0
DA:47,2
DA:52,2
DA:54,2
DA:59,1
DA:62,1
DA:64,1
DA:68,2
DA:69,2
DA:70,2
DA:77,0
DA:78,0
DA:79,0
DA:81,0
LF:28
LH:18
BRDA:78,0,0,0
BRF:1
BRH:0
end_of_record
TN:
SF:src\auth\jwt-auth.guard.ts
FN:10,(anonymous_1)
FNF:1
FNH:0
FNDA:0,(anonymous_1)
DA:1,5
DA:2,5
DA:5,5
DA:8,5
DA:11,0
LF:5
LH:4
BRF:0
BRH:0
end_of_record
TN:
SF:src\cronjobs\cronjobs\cronjobs.service.ts
FN:8,(anonymous_2)
FN:11,(anonymous_3)
FN:31,(anonymous_4)
FNF:3
FNH:0
FNDA:0,(anonymous_2)
FNDA:0,(anonymous_3)
FNDA:0,(anonymous_4)
DA:1,0
DA:2,0
DA:3,0
DA:4,0
DA:7,0
DA:8,0
DA:11,0
DA:12,0
DA:13,0
DA:14,0
DA:15,0
DA:16,0
DA:17,0
DA:18,0
DA:19,0
DA:20,0
DA:21,0
DA:22,0
DA:24,0
DA:28,0
DA:32,0
DA:33,0
DA:34,0
DA:35,0
LF:24
LH:0
BRDA:19,0,0,0
BRF:1
BRH:0
end_of_record
TN:
SF:src\favorites\favorites.controller.ts
FN:22,(anonymous_4)
FN:28,(anonymous_5)
FN:41,(anonymous_6)
FNF:3
FNH:3
FNDA:4,(anonymous_4)
FNDA:2,(anonymous_5)
FNDA:2,(anonymous_6)
DA:1,1
DA:2,1
DA:4,1
DA:6,1
DA:7,1
DA:21,1
DA:22,4
DA:28,1
DA:29,2
DA:30,2
DA:31,2
DA:33,1
DA:41,1
DA:42,2
DA:43,2
DA:44,2
DA:46,1
LF:17
LH:17
BRF:0
BRH:0
end_of_record
TN:
SF:src\favorites\favorites.service.ts
FN:8,(anonymous_2)
FN:13,(anonymous_3)
FN:25,(anonymous_4)
FN:29,(anonymous_5)
FN:31,(anonymous_6)
FNF:5
FNH:3
FNDA:5,(anonymous_2)
FNDA:4,(anonymous_3)
FNDA:1,(anonymous_4)
FNDA:0,(anonymous_5)
FNDA:0,(anonymous_6)
DA:1,2
DA:4,2
DA:7,2
DA:8,5
DA:14,4
DA:16,4
DA:17,1
DA:19,1
DA:21,3
DA:22,3
DA:26,1
DA:30,0
DA:31,0
DA:32,0
LF:14
LH:11
BRDA:16,0,0,1
BRF:1
BRH:1
end_of_record
TN:
SF:src\health\health.controller.ts
FN:7,(anonymous_2)
FN:14,(anonymous_3)
FN:15,(anonymous_4)
FNF:3
FNH:0
FNDA:0,(anonymous_2)
FNDA:0,(anonymous_3)
FNDA:0,(anonymous_4)
DA:1,0
DA:2,0
DA:3,0
DA:6,0
DA:8,0
DA:9,0
DA:14,0
DA:15,0
LF:8
LH:0
BRF:0
BRH:0
end_of_record
TN:
SF:src\helpers\MatchingPrep.ts
FN:25,(anonymous_0)
FN:28,(anonymous_1)
FNF:2
FNH:2
FNDA:6,(anonymous_0)
FNDA:126,(anonymous_1)
DA:1,1
DA:24,1
DA:26,6
DA:27,6
DA:28,6
DA:29,126
DA:31,6
DA:32,0
DA:34,6
DA:35,6
DA:36,6
LF:11
LH:10
BRDA:31,0,0,0
BRF:1
BRH:0
end_of_record
TN:
SF:src\helpers\converter.utils.ts
FN:1,convertToTime
FN:18,shuffleArray
FN:34,convertIngredientAmount
FN:66,(anonymous_3)
FN:70,(anonymous_4)
FN:74,(anonymous_5)
FNF:6
FNH:6
FNDA:4,convertToTime
FNDA:5,shuffleArray
FNDA:14,convertIngredientAmount
FNDA:1,(anonymous_3)
FNDA:1,(anonymous_4)
FNDA:13,(anonymous_5)
DA:1,9
DA:2,4
DA:3,0
DA:5,4
DA:6,4
DA:7,4
DA:8,5
DA:9,5
DA:10,2
DA:11,3
DA:12,2
DA:15,4
DA:18,9
DA:19,5
DA:22,5
DA:23,61
DA:24,61
DA:26,61
DA:28,5
DA:34,9
DA:35,14
DA:37,14
DA:39,14
DA:41,14
DA:42,1
DA:43,1
DA:44,1
DA:45,1
DA:46,13
DA:47,3
DA:48,3
DA:49,1
DA:50,1
DA:52,10
DA:53,0
DA:54,10
DA:55,5
DA:56,5
DA:57,1
DA:58,1
DA:59,4
DA:60,1
DA:61,1
DA:64,13
DA:66,9
DA:67,1
DA:70,9
DA:71,1
DA:74,9
DA:75,13
DA:76,13
DA:77,13
LF:52
LH:50
BRDA:2,0,0,0
BRDA:9,1,0,2
BRDA:9,1,1,3
BRDA:11,2,0,2
BRDA:41,3,0,1
BRDA:41,3,1,13
BRDA:43,4,0,0
BRDA:43,4,1,1
BRDA:46,5,0,3
BRDA:46,5,1,10
BRDA:46,6,0,13
BRDA:46,6,1,12
BRDA:48,7,0,1
BRDA:52,8,0,0
BRDA:52,8,1,10
BRDA:52,9,0,10
BRDA:52,9,1,10
BRDA:54,10,0,5
BRDA:54,10,1,5
BRDA:54,11,0,10
BRDA:54,11,1,8
BRDA:56,12,0,1
BRDA:56,12,1,4
BRDA:56,13,0,5
BRDA:56,13,1,4
BRDA:59,14,0,1
BRDA:59,15,0,4
BRDA:59,15,1,3
BRDA:75,16,0,0
BRF:29
BRH:25
end_of_record
TN:
SF:src\ingredients\ingredients.controller.ts
FN:9,(anonymous_4)
FN:15,(anonymous_5)
FN:26,(anonymous_6)
FNF:3
FNH:3
FNDA:4,(anonymous_4)
FNDA:2,(anonymous_5)
FNDA:2,(anonymous_6)
DA:1,1
DA:3,1
DA:4,1
DA:8,1
DA:10,4
DA:11,4
DA:15,1
DA:16,2
DA:17,2
DA:18,2
DA:20,0
DA:22,1
DA:26,1
DA:27,2
DA:28,2
DA:30,1
LF:16
LH:15
BRDA:17,0,0,2
BRF:1
BRH:1
end_of_record
TN:
SF:src\ingredients\ingredients.service.ts
FN:11,(anonymous_4)
FN:17,(anonymous_5)
FN:21,(anonymous_6)
FN:26,(anonymous_7)
FN:33,(anonymous_8)
FN:36,(anonymous_9)
FN:40,(anonymous_10)
FNF:7
FNH:5
FNDA:6,(anonymous_4)
FNDA:1004,(anonymous_5)
FNDA:0,(anonymous_6)
FNDA:2,(anonymous_7)
FNDA:1,(anonymous_8)
FNDA:0,(anonymous_9)
FNDA:2,(anonymous_10)
DA:1,4
DA:2,4
DA:3,4
DA:6,4
DA:7,4
DA:10,4
DA:12,6
DA:13,6
DA:14,6
DA:18,1004
DA:22,0
DA:23,0
DA:27,2
DA:28,2
DA:29,0
DA:31,2
DA:34,1
DA:35,1
DA:36,0
DA:38,1
DA:41,2
DA:42,2
LF:22
LH:18
BRDA:28,0,0,0
BRDA:35,1,0,0
BRF:2
BRH:0
end_of_record
TN:
SF:src\ingredients\ingredientsSearch.service.ts
FN:10,(anonymous_4)
FN:15,(anonymous_5)
FN:24,(anonymous_6)
FN:32,(anonymous_7)
FN:46,(anonymous_8)
FN:49,(anonymous_9)
FN:50,(anonymous_10)
FN:11,(anonymous_11)
FNF:8
FNH:7
FNDA:3,(anonymous_4)
FNDA:0,(anonymous_5)
FNDA:2,(anonymous_6)
FNDA:2,(anonymous_7)
FNDA:3,(anonymous_8)
FNDA:3,(anonymous_9)
FNDA:1009,(anonymous_10)
FNDA:1,(anonymous_11)
DA:3,5
DA:4,5
DA:7,5
DA:8,3
DA:11,1
DA:12,3
DA:16,0
DA:25,2
DA:26,2
DA:27,2
DA:28,2
DA:33,2
DA:45,2
DA:46,3
DA:50,1009
LF:15
LH:14
BRF:0
BRH:0
end_of_record
TN:
SF:src\initializer\initializer.service.ts
FN:30,(anonymous_23)
FN:37,(anonymous_24)
FN:54,(anonymous_25)
FN:85,(anonymous_26)
FN:86,(anonymous_27)
FN:91,(anonymous_28)
FN:94,(anonymous_29)
FN:103,(anonymous_30)
FN:130,(anonymous_31)
FN:137,(anonymous_33)
FN:140,(anonymous_34)
FN:156,(anonymous_35)
FN:177,(anonymous_36)
FN:178,(anonymous_37)
FNF:14
FNH:12
FNDA:2,(anonymous_23)
FNDA:0,(anonymous_24)
FNDA:1,(anonymous_25)
FNDA:2,(anonymous_26)
FNDA:2,(anonymous_27)
FNDA:2008,(anonymous_28)
FNDA:2,(anonymous_29)
FNDA:3,(anonymous_30)
FNDA:1,(anonymous_31)
FNDA:1,(anonymous_33)
FNDA:0,(anonymous_34)
FNDA:6,(anonymous_35)
FNDA:2,(anonymous_36)
FNDA:8,(anonymous_37)
DA:1,2
DA:2,2
DA:3,2
DA:4,2
DA:6,2
DA:7,2
DA:9,2
DA:10,2
DA:11,2
DA:12,2
DA:29,2
DA:31,2
DA:32,2
DA:33,2
DA:34,2
DA:36,2
DA:38,0
DA:39,0
DA:40,0
DA:41,0
DA:42,0
DA:43,0
DA:44,0
DA:45,0
DA:48,0
DA:49,0
DA:50,0
DA:51,0
DA:55,1
DA:56,1
DA:57,1
DA:58,1
DA:60,1
DA:64,1
DA:65,1
DA:66,1
DA:76,1
DA:77,1004
DA:79,1004
DA:82,1
DA:86,2
DA:87,2
DA:88,2
DA:89,2
DA:92,2008
DA:95,2
DA:98,0
DA:104,3
DA:105,3
DA:106,3
DA:107,3
DA:109,3
DA:111,3
DA:113,3
DA:114,3
DA:115,3
DA:116,3
DA:127,3
DA:131,1
DA:132,228
DA:133,228
DA:141,0
DA:147,1
DA:148,1
DA:150,1
DA:152,1
DA:153,1
DA:156,6
DA:164,1
DA:165,1
DA:172,0
DA:173,0
DA:178,2
DA:179,8
DA:180,8
LF:75
LH:59
BRDA:41,0,0,0
BRDA:60,1,0,1
BRDA:61,2,0,1
BRDA:61,2,1,1
BRDA:62,3,0,0
BRDA:62,3,1,1
BRDA:62,4,0,1
BRDA:62,4,1,1
BRDA:111,5,0,3
BRDA:111,5,1,1
BRDA:112,6,0,1
BRDA:112,6,1,0
BRDA:112,7,0,1
BRDA:112,7,1,0
BRDA:113,8,0,3
BRDA:130,9,0,0
BRDA:140,10,0,0
BRDA:182,11,0,8
BRDA:182,11,1,0
BRF:19
BRH:12
end_of_record
TN:
SF:src\preferences\preferences.controller.ts
FN:22,(anonymous_4)
FN:27,(anonymous_5)
FN:40,(anonymous_6)
FNF:3
FNH:3
FNDA:4,(anonymous_4)
FNDA:2,(anonymous_5)
FNDA:2,(anonymous_6)
DA:1,1
DA:2,1
DA:4,1
DA:6,1
DA:7,1
DA:21,1
DA:22,4
DA:27,1
DA:28,2
DA:29,2
DA:30,2
DA:32,1
DA:40,1
DA:41,2
DA:42,2
DA:43,2
DA:45,1
LF:17
LH:17
BRF:0
BRH:0
end_of_record
TN:
SF:src\preferences\preferences.service.ts
FN:7,(anonymous_2)
FN:9,(anonymous_3)
FN:12,(anonymous_4)
FN:29,(anonymous_5)
FN:37,(anonymous_6)
FNF:5
FNH:4
FNDA:9,(anonymous_2)
FNDA:1,(anonymous_3)
FNDA:0,(anonymous_4)
FNDA:5,(anonymous_5)
FNDA:2,(anonymous_6)
DA:1,11
DA:3,11
DA:6,11
DA:7,9
DA:10,1
DA:11,1
DA:12,1
DA:13,0
DA:14,0
DA:16,1
DA:18,1
DA:20,1
DA:21,1
DA:23,0
DA:25,0
DA:30,5
DA:31,5
DA:33,0
DA:38,2
LF:19
LH:14
BRF:0
BRH:0
end_of_record
TN:
SF:src\prisma\prisma.service.ts
FN:7,(anonymous_2)
FNF:1
FNH:1
FNDA:7,(anonymous_2)
DA:1,17
DA:2,17
DA:3,17
DA:6,17
DA:7,7
DA:8,7
LF:6
LH:6
BRF:0
BRH:0
end_of_record
TN:
SF:src\recipes\recipes.controller.ts
FN:25,(anonymous_4)
FN:34,(anonymous_5)
FN:47,(anonymous_6)
FN:56,(anonymous_7)
FN:75,(anonymous_8)
FN:84,(anonymous_9)
FN:93,(anonymous_10)
FNF:7
FNH:7
FNDA:12,(anonymous_4)
FNDA:2,(anonymous_5)
FNDA:2,(anonymous_6)
FNDA:2,(anonymous_7)
FNDA:2,(anonymous_8)
FNDA:2,(anonymous_9)
FNDA:2,(anonymous_10)
DA:1,1
DA:2,1
DA:3,1
DA:5,1
DA:7,1
DA:8,1
DA:24,1
DA:26,12
DA:27,12
DA:34,1
DA:35,2
DA:36,2
DA:37,2
DA:39,1
DA:47,1
DA:48,2
DA:49,2
DA:51,1
DA:56,1
DA:57,2
DA:58,2
DA:60,1
DA:75,1
DA:76,2
DA:77,2
DA:79,1
DA:84,1
DA:85,2
DA:86,2
DA:88,1
DA:93,1
DA:94,2
DA:95,2
DA:96,2
DA:98,0
DA:100,1
LF:36
LH:35
BRDA:95,0,0,2
BRF:1
BRH:1
end_of_record
TN:
SF:src\recipes\recipes.service.ts
FN:15,(anonymous_4)
FN:24,(anonymous_5)
FN:32,(anonymous_6)
FN:37,(anonymous_7)
FN:43,(anonymous_8)
FN:55,(anonymous_9)
FN:106,(anonymous_10)
FN:111,(anonymous_11)
FN:118,(anonymous_12)
FN:125,(anonymous_13)
FN:137,(anonymous_14)
FN:159,(anonymous_15)
FN:167,(anonymous_16)
FN:202,(anonymous_17)
FN:206,(anonymous_18)
FN:209,(anonymous_19)
FN:218,(anonymous_20)
FN:219,(anonymous_21)
FN:221,(anonymous_22)
FNF:19
FNH:11
FNDA:17,(anonymous_4)
FNDA:1,(anonymous_5)
FNDA:0,(anonymous_6)
FNDA:0,(anonymous_7)
FNDA:0,(anonymous_8)
FNDA:6,(anonymous_9)
FNDA:22,(anonymous_10)
FNDA:4,(anonymous_11)
FNDA:5,(anonymous_12)
FNDA:16,(anonymous_13)
FNDA:0,(anonymous_14)
FNDA:0,(anonymous_15)
FNDA:0,(anonymous_16)
FNDA:0,(anonymous_17)
FNDA:1,(anonymous_18)
FNDA:0,(anonymous_19)
FNDA:1,(anonymous_20)
FNDA:3,(anonymous_21)
FNDA:6,(anonymous_22)
DA:1,5
DA:2,5
DA:3,5
DA:4,5
DA:7,5
DA:8,5
DA:10,5
DA:11,5
DA:14,5
DA:16,17
DA:17,17
DA:18,17
DA:19,17
DA:20,17
DA:21,17
DA:25,1
DA:26,1
DA:28,0
DA:33,0
DA:34,0
DA:38,0
DA:39,0
DA:40,0
DA:44,0
DA:52,0
DA:61,6
DA:62,6
DA:63,6
DA:65,6
DA:79,6
DA:86,6
DA:105,6
DA:107,22
DA:111,4
DA:112,1
DA:114,22
DA:118,5
DA:119,1
DA:121,22
DA:125,16
DA:126,4
DA:129,22
DA:134,6
DA:138,0
DA:139,0
DA:140,0
DA:143,0
DA:144,0
DA:145,0
DA:148,0
DA:153,0
DA:154,0
DA:157,0
DA:158,0
DA:159,0
DA:161,0
DA:163,0
DA:164,0
DA:168,0
DA:169,0
DA:172,0
DA:173,0
DA:174,0
DA:175,0
DA:176,0
DA:178,0
DA:180,0
DA:181,0
DA:183,0
DA:185,0
DA:188,0
DA:190,0
DA:191,0
DA:192,0
DA:194,0
DA:195,0
DA:197,0
DA:198,0
DA:203,0
DA:207,1
DA:210,0
DA:211,0
DA:213,0
DA:214,0
DA:219,3
DA:221,6
LF:86
LH:38
BRDA:34,0,0,0
BRDA:34,0,1,0
BRDA:46,1,0,0
BRDA:46,1,1,0
BRDA:47,2,0,0
BRDA:47,2,1,0
BRDA:48,3,0,0
BRDA:48,3,1,0
BRDA:49,4,0,0
BRDA:49,4,1,0
BRDA:50,5,0,0
BRDA:50,5,1,0
BRDA:107,6,0,1
BRDA:108,7,0,22
BRDA:108,7,1,22
BRDA:111,8,0,4
BRDA:111,8,1,3
BRDA:111,8,2,2
BRDA:114,9,0,1
BRDA:115,10,0,22
BRDA:115,10,1,21
BRDA:118,11,0,5
BRDA:118,11,1,2
BRDA:121,12,0,4
BRDA:122,13,0,22
BRDA:122,13,1,18
BRDA:134,14,0,6
BRDA:134,14,1,0
BRDA:143,15,0,0
BRDA:150,16,0,0
BRDA:150,16,1,0
BRDA:153,17,0,0
BRDA:172,18,0,0
BRDA:172,18,1,0
BRDA:175,19,0,0
BRDA:194,20,0,0
BRF:36
BRH:15
end_of_record
TN:
SF:src\recipes\recipesFilter.service.ts
FN:28,(anonymous_2)
FN:30,(anonymous_3)
FN:32,(anonymous_4)
FNF:3
FNH:2
FNDA:3,(anonymous_2)
FNDA:4,(anonymous_3)
FNDA:0,(anonymous_4)
DA:1,8
DA:3,8
DA:18,8
DA:27,8
DA:28,3
DA:31,4
DA:32,4
DA:33,4
DA:34,4
DA:67,4
DA:69,0
LF:11
LH:10
BRDA:36,0,0,0
BRDA:36,0,1,4
BRF:2
BRH:1
end_of_record
TN:
SF:src\recipes\recipesSearch.service.ts
FN:35,(anonymous_4)
FN:40,(anonymous_5)
FN:45,(anonymous_6)
FN:66,(anonymous_7)
FN:81,(anonymous_8)
FN:84,(anonymous_9)
FN:98,(anonymous_10)
FN:101,(anonymous_11)
FN:126,(anonymous_12)
FN:36,(anonymous_13)
FNF:10
FNH:2
FNDA:14,(anonymous_4)
FNDA:0,(anonymous_5)
FNDA:0,(anonymous_6)
FNDA:0,(anonymous_7)
FNDA:0,(anonymous_8)
FNDA:0,(anonymous_9)
FNDA:0,(anonymous_10)
FNDA:0,(anonymous_11)
FNDA:0,(anonymous_12)
FNDA:12,(anonymous_13)
DA:3,5
DA:4,5
DA:32,5
DA:33,14
DA:36,12
DA:37,14
DA:41,0
DA:42,0
DA:43,0
DA:44,0
DA:45,0
DA:60,0
DA:62,0
DA:67,0
DA:81,0
DA:85,0
DA:97,0
DA:98,0
DA:102,0
DA:103,0
DA:125,0
DA:126,0
LF:22
LH:6
BRDA:43,0,0,0
BRF:1
BRH:0
end_of_record
TN:
SF:src\recipes\recipesUploadImage.service.ts
FN:8,(anonymous_1)
FN:27,(anonymous_2)
FN:48,(anonymous_3)
FN:70,(anonymous_4)
FN:78,(anonymous_5)
FNF:5
FNH:3
FNDA:0,(anonymous_1)
FNDA:0,(anonymous_2)
FNDA:1,(anonymous_3)
FNDA:1,(anonymous_4)
FNDA:1,(anonymous_5)
DA:1,6
DA:2,6
DA:3,6
DA:4,6
DA:7,6
DA:10,0
DA:13,0
DA:16,0
DA:18,0
DA:19,0
DA:20,0
DA:22,0
DA:23,0
DA:28,0
DA:34,0
DA:39,0
DA:40,0
DA:41,0
DA:43,0
DA:44,0
DA:49,1
DA:50,1
DA:51,1
DA:54,1
DA:55,1
DA:56,1
DA:59,1
DA:64,1
DA:66,0
DA:71,1
DA:79,1
LF:31
LH:15
BRF:0
BRH:0
end_of_record
TN:
SF:src\users\users.service.ts
FN:14,(anonymous_3)
FN:15,(anonymous_4)
FN:29,(anonymous_5)
FN:42,(anonymous_6)
FN:50,(anonymous_7)
FN:54,(anonymous_8)
FN:77,(anonymous_9)
FNF:7
FNH:4
FNDA:1,(anonymous_3)
FNDA:2,(anonymous_4)
FNDA:0,(anonymous_5)
FNDA:1,(anonymous_6)
FNDA:0,(anonymous_7)
FNDA:1,(anonymous_8)
FNDA:0,(anonymous_9)
DA:1,2
DA:2,2
DA:3,2
DA:4,2
DA:6,2
DA:13,2
DA:14,1
DA:17,2
DA:18,2
DA:19,0
DA:22,2
DA:23,2
DA:25,0
DA:30,0
DA:31,0
DA:32,0
DA:34,0
DA:43,1
DA:44,1
DA:46,0
DA:51,0
DA:55,1
DA:56,1
DA:57,1
DA:58,0
DA:62,1
DA:64,1
DA:65,0
DA:69,1
DA:70,1
DA:72,0
DA:78,0
DA:79,0
DA:81,0
LF:34
LH:20
BRDA:18,0,0,0
BRDA:31,1,0,0
BRDA:57,2,0,0
BRDA:64,3,0,0
BRF:4
BRH:0
end_of_record
TN:
SF:src\weekplan\weekplan.controller.ts
FN:23,(anonymous_4)
FN:29,(anonymous_5)
FN:42,(anonymous_6)
FN:55,(anonymous_7)
FN:68,(anonymous_8)
FN:83,(anonymous_9)
FN:96,(anonymous_10)
FNF:7
FNH:7
FNDA:12,(anonymous_4)
FNDA:2,(anonymous_5)
FNDA:2,(anonymous_6)
FNDA:2,(anonymous_7)
FNDA:2,(anonymous_8)
FNDA:2,(anonymous_9)
FNDA:2,(anonymous_10)
DA:1,1
DA:2,1
DA:3,1
DA:5,1
DA:7,1
DA:8,1
DA:9,1
DA:22,1
DA:23,12
DA:29,1
DA:30,2
DA:31,2
DA:32,2
DA:34,1
DA:42,1
DA:43,2
DA:44,2
DA:45,2
DA:47,1
DA:55,1
DA:56,2
DA:57,2
DA:58,2
DA:60,1
DA:68,1
DA:69,2
DA:70,2
DA:71,2
DA:73,2
DA:75,1
DA:83,1
DA:84,2
DA:85,2
DA:86,2
DA:88,1
DA:96,1
DA:97,2
DA:98,2
DA:99,2
DA:101,1
LF:40
LH:40
BRF:0
BRH:0
end_of_record
TN:
SF:src\weekplan\weekplan.service.ts
FN:14,(anonymous_2)
FN:20,(anonymous_3)
FN:23,(anonymous_4)
FN:40,(anonymous_5)
FN:45,(anonymous_6)
FN:48,(anonymous_7)
FN:61,(anonymous_8)
FN:67,(anonymous_9)
FN:90,(anonymous_10)
FN:94,(anonymous_11)
FN:104,(anonymous_12)
FN:135,(anonymous_13)
FN:154,(anonymous_14)
FN:168,(anonymous_15)
FN:205,(anonymous_16)
FN:210,(anonymous_17)
FN:250,(anonymous_18)
FN:261,(anonymous_19)
FN:281,(anonymous_20)
FN:290,(anonymous_21)
FN:307,(anonymous_22)
FN:313,(anonymous_23)
FN:317,(anonymous_24)
FN:328,(anonymous_25)
FN:330,(anonymous_26)
FN:335,(anonymous_27)
FN:339,(anonymous_28)
FNF:27
FNH:23
FNDA:23,(anonymous_2)
FNDA:1,(anonymous_3)
FNDA:2,(anonymous_4)
FNDA:0,(anonymous_5)
FNDA:1,(anonymous_6)
FNDA:0,(anonymous_7)
FNDA:8,(anonymous_8)
FNDA:50,(anonymous_9)
FNDA:42,(anonymous_10)
FNDA:2,(anonymous_11)
FNDA:1,(anonymous_12)
FNDA:3,(anonymous_13)
FNDA:0,(anonymous_14)
FNDA:4,(anonymous_15)
FNDA:3,(anonymous_16)
FNDA:0,(anonymous_17)
FNDA:6,(anonymous_18)
FNDA:42,(anonymous_19)
FNDA:1,(anonymous_20)
FNDA:6,(anonymous_21)
FNDA:2,(anonymous_22)
FNDA:1,(anonymous_23)
FNDA:1,(anonymous_24)
FNDA:5,(anonymous_25)
FNDA:16,(anonymous_26)
FNDA:52,(anonymous_27)
FNDA:5,(anonymous_28)
DA:2,3
DA:5,3
DA:6,3
DA:8,3
DA:10,3
DA:13,3
DA:15,23
DA:16,23
DA:17,23
DA:21,1
DA:22,1
DA:23,1
DA:24,2
DA:25,2
DA:26,2
DA:27,2
DA:29,0
DA:31,1
DA:33,0
DA:41,0
DA:42,0
DA:46,1
DA:47,1
DA:48,1
DA:49,0
DA:55,1
DA:57,0
DA:62,8
DA:67,50
DA:90,42
DA:91,8
DA:95,2
DA:97,2
DA:98,0
DA:100,2
DA:105,1
DA:106,1
DA:107,1
DA:108,1
DA:109,0
DA:110,0
DA:112,0
DA:113,0
DA:117,1
DA:118,1
DA:119,1
DA:120,0
DA:122,0
DA:126,0
DA:129,1
DA:131,1
DA:136,3
DA:137,3
DA:138,3
DA:139,3
DA:140,3
DA:141,0
DA:142,0
DA:144,3
DA:145,3
DA:146,3
DA:149,0
DA:151,3
DA:155,0
DA:156,0
DA:157,0
DA:158,0
DA:159,0
DA:160,0
DA:163,0
DA:165,0
DA:174,4
DA:175,4
DA:176,4
DA:178,4
DA:182,4
DA:184,4
DA:190,4
DA:196,4
DA:198,4
DA:200,0
DA:201,0
DA:206,3
DA:211,0
DA:212,0
DA:213,0
DA:217,0
DA:218,0
DA:220,0
DA:221,0
DA:222,0
DA:227,0
DA:229,0
DA:230,0
DA:231,0
DA:236,0
DA:240,0
DA:241,0
DA:242,0
DA:244,0
DA:246,0
DA:257,6
DA:258,6
DA:259,6
DA:260,6
DA:261,6
DA:262,42
DA:263,42
DA:264,42
DA:267,42
DA:268,42
DA:269,42
DA:271,42
DA:272,42
DA:273,42
DA:276,42
DA:278,6
DA:282,1
DA:283,1
DA:284,1
DA:291,6
DA:292,6
DA:293,5
DA:294,5
DA:295,5
DA:296,5
DA:297,5
DA:298,5
DA:300,1
DA:301,1
DA:302,1
DA:303,1
DA:308,2
DA:309,2
DA:310,2
DA:314,1
DA:315,0
DA:317,1
DA:318,1
DA:319,1
DA:321,1
DA:322,1
DA:324,1
DA:329,5
DA:330,16
DA:332,5
DA:333,4
DA:335,52
DA:337,5
DA:345,5
LF:150
LH:104
BRDA:20,0,0,0
BRDA:24,1,0,2
BRDA:24,2,0,2
BRDA:24,2,1,2
BRDA:27,3,0,2
BRDA:27,3,1,1
BRDA:70,4,0,50
BRDA:70,4,1,50
BRDA:79,5,0,50
BRDA:79,5,1,50
BRDA:97,6,0,0
BRDA:104,7,0,0
BRDA:108,8,0,0
BRDA:109,9,0,0
BRDA:109,9,1,0
BRDA:119,10,0,0
BRDA:140,11,0,0
BRDA:140,11,1,3
BRDA:158,12,0,0
BRDA:172,13,0,3
BRDA:212,14,0,0
BRDA:212,14,1,0
BRDA:217,15,0,0
BRDA:220,16,0,0
BRDA:220,16,1,0
BRDA:221,17,0,0
BRDA:221,17,1,0
BRDA:229,18,0,0
BRDA:230,19,0,0
BRDA:230,19,1,0
BRDA:240,20,0,0
BRDA:255,21,0,4
BRDA:267,22,0,42
BRDA:267,23,0,42
BRDA:267,23,1,42
BRDA:268,24,0,42
BRDA:268,24,1,0
BRDA:268,25,0,0
BRDA:268,25,1,42
BRDA:268,26,0,42
BRDA:268,26,1,42
BRDA:271,27,0,42
BRDA:271,28,0,42
BRDA:271,28,1,42
BRDA:272,29,0,42
BRDA:272,29,1,0
BRDA:272,30,0,0
BRDA:272,30,1,42
BRDA:272,31,0,42
BRDA:272,31,1,42
BRDA:290,32,0,5
BRDA:292,33,0,5
BRDA:292,33,1,1
BRDA:314,34,0,0
BRDA:318,35,0,1
BRDA:318,36,0,0
BRDA:318,36,1,1
BRDA:318,37,0,1
BRDA:318,37,1,1
BRDA:321,38,0,1
BRDA:321,39,0,0
BRDA:321,39,1,1
BRDA:321,40,0,1
BRDA:321,40,1,1
BRDA:329,41,0,1
BRDA:332,42,0,4
BRF:66
BRH:39
end_of_record
TN:
SF:tests\test.util.ts
FN:24,setupPGTestContainer
FN:41,setupPrismaService
FN:53,setupElasticSearchService
FN:81,seedDatabase
FN:101,seedWithRecipes
FN:114,(anonymous_5)
FN:133,seedWithUsers
FN:148,seedWithPreferences
FN:162,seedWithIngredients
FN:196,seedWithWeekplan
FN:207,(anonymous_10)
FNF:11
FNH:11
FNDA:7,setupPGTestContainer
FNDA:7,setupPrismaService
FNDA:3,setupElasticSearchService
FNDA:6,seedDatabase
FNDA:6,seedWithRecipes
FNDA:12,(anonymous_5)
FNDA:6,seedWithUsers
FNDA:6,seedWithPreferences
FNDA:6,seedWithIngredients
FNDA:6,seedWithWeekplan
FNDA:6,(anonymous_10)
DA:1,7
DA:2,7
DA:3,7
DA:4,7
DA:5,7
DA:6,7
DA:7,7
DA:9,7
DA:10,7
DA:12,7
DA:14,7
DA:16,7
DA:25,7
DA:38,7
DA:41,7
DA:42,7
DA:43,7
DA:44,7
DA:47,7
DA:48,7
DA:49,7
DA:50,7
DA:53,7
DA:54,3
DA:55,3
DA:56,3
DA:61,3
DA:62,3
DA:69,3
DA:70,3
DA:81,7
DA:82,6
DA:83,6
DA:84,6
DA:85,6
DA:86,6
DA:87,6
DA:88,0
DA:89,0
DA:90,0
DA:91,0
DA:92,0
DA:93,0
DA:94,0
DA:95,0
DA:96,0
DA:97,0
DA:102,6
DA:114,12
DA:134,6
DA:142,6
DA:145,6
DA:149,6
DA:163,6
DA:193,6
DA:197,6
DA:198,6
DA:207,6
LF:58
LH:48
BRDA:41,0,0,1
BRDA:81,1,0,0
BRDA:82,2,0,6
BRDA:82,2,1,0
BRDA:88,3,0,0
BRDA:88,3,1,0
BRDA:90,4,0,0
BRDA:90,4,1,0
BRDA:93,5,0,0
BRDA:93,5,1,0
BRDA:95,6,0,0
BRDA:101,7,0,0
BRF:12
BRH:2
end_of_record
