TN:
SF:src\auth\auth.service.ts
FN:16,(anonymous_2)
FN:18,(anonymous_3)
FN:31,(anonymous_4)
FN:46,(anonymous_5)
FN:57,(anonymous_6)
FN:67,(anonymous_7)
FN:76,(anonymous_8)
FNF:7
FNH:5
FNDA:1,(anonymous_2)
FNDA:1,(anonymous_3)
FNDA:0,(anonymous_4)
FNDA:2,(anonymous_5)
FNDA:1,(anonymous_6)
FNDA:2,(anonymous_7)
FNDA:0,(anonymous_8)
DA:3,1
DA:6,1
DA:7,1
DA:15,1
DA:16,1
DA:19,1
DA:20,1
DA:21,1
DA:22,1
DA:24,0
DA:32,0
DA:36,0
DA:37,0
DA:39,0
DA:44,0
DA:47,2
DA:52,2
DA:54,2
DA:59,1
DA:62,1
DA:64,1
DA:68,2
DA:69,2
DA:70,2
DA:77,0
DA:78,0
DA:79,0
DA:81,0
LF:28
LH:18
BRDA:78,0,0,0
BRF:1
BRH:0
end_of_record
TN:
SF:src\auth\jwt-auth.guard.ts
FN:10,(anonymous_1)
FNF:1
FNH:0
FNDA:0,(anonymous_1)
DA:1,0
DA:2,0
DA:5,0
DA:8,0
DA:11,0
LF:5
LH:0
BRF:0
BRH:0
end_of_record
TN:
SF:src\auth\jwt.strategy.ts
FN:9,(anonymous_2)
FN:17,(anonymous_3)
FNF:2
FNH:0
FNDA:0,(anonymous_2)
FNDA:0,(anonymous_3)
DA:1,0
DA:2,0
DA:4,0
DA:5,0
DA:8,0
DA:9,0
DA:10,0
DA:18,0
DA:19,0
DA:20,0
DA:22,0
LF:11
LH:0
BRDA:19,0,0,0
BRF:1
BRH:0
end_of_record
TN:
SF:src\cronjobs\cronjobs\cronjobs.service.ts
FN:8,(anonymous_2)
FN:11,(anonymous_3)
FN:31,(anonymous_4)
FNF:3
FNH:0
FNDA:0,(anonymous_2)
FNDA:0,(anonymous_3)
FNDA:0,(anonymous_4)
DA:1,0
DA:2,0
DA:3,0
DA:4,0
DA:7,0
DA:8,0
DA:11,0
DA:12,0
DA:13,0
DA:14,0
DA:15,0
DA:16,0
DA:17,0
DA:18,0
DA:19,0
DA:20,0
DA:21,0
DA:22,0
DA:24,0
DA:28,0
DA:32,0
DA:33,0
DA:34,0
DA:35,0
LF:24
LH:0
BRDA:19,0,0,0
BRF:1
BRH:0
end_of_record
TN:
SF:src\favorites\favorites.service.ts
FN:8,(anonymous_2)
FN:13,(anonymous_3)
FN:25,(anonymous_4)
FN:29,(anonymous_5)
FN:31,(anonymous_6)
FNF:5
FNH:3
FNDA:1,(anonymous_2)
FNDA:4,(anonymous_3)
FNDA:1,(anonymous_4)
FNDA:0,(anonymous_5)
FNDA:0,(anonymous_6)
DA:1,1
DA:4,1
DA:7,1
DA:8,1
DA:14,4
DA:16,4
DA:17,1
DA:19,1
DA:21,3
DA:22,3
DA:26,1
DA:30,0
DA:31,0
DA:32,0
LF:14
LH:11
BRDA:16,0,0,1
BRF:1
BRH:1
end_of_record
TN:
SF:src\health\recipe.health.ts
FN:11,(anonymous_2)
FN:14,(anonymous_3)
FNF:2
FNH:0
FNDA:0,(anonymous_2)
FNDA:0,(anonymous_3)
DA:1,0
DA:2,0
DA:3,0
DA:10,0
DA:11,0
DA:12,0
DA:15,0
DA:19,0
DA:20,0
DA:22,0
DA:23,0
DA:25,0
LF:12
LH:0
BRDA:22,0,0,0
BRF:1
BRH:0
end_of_record
TN:
SF:src\helpers\MatchingPrep.ts
FN:25,(anonymous_0)
FN:28,(anonymous_1)
FNF:2
FNH:2
FNDA:6,(anonymous_0)
FNDA:126,(anonymous_1)
DA:1,1
DA:24,1
DA:26,6
DA:27,6
DA:28,6
DA:29,126
DA:31,6
DA:32,0
DA:34,6
DA:35,6
DA:36,6
LF:11
LH:10
BRDA:31,0,0,0
BRF:1
BRH:0
end_of_record
TN:
SF:src\helpers\converter.utils.ts
FN:1,convertToTime
FN:18,shuffleArray
FN:34,convertIngredientAmount
FN:66,(anonymous_3)
FN:70,(anonymous_4)
FN:74,(anonymous_5)
FNF:6
FNH:6
FNDA:4,convertToTime
FNDA:5,shuffleArray
FNDA:14,convertIngredientAmount
FNDA:1,(anonymous_3)
FNDA:1,(anonymous_4)
FNDA:13,(anonymous_5)
DA:1,6
DA:2,4
DA:3,0
DA:5,4
DA:6,4
DA:7,4
DA:8,5
DA:9,5
DA:10,2
DA:11,3
DA:12,2
DA:15,4
DA:18,6
DA:19,5
DA:22,5
DA:23,61
DA:24,61
DA:26,61
DA:28,5
DA:34,6
DA:35,14
DA:37,14
DA:39,14
DA:41,14
DA:42,1
DA:43,1
DA:44,1
DA:45,1
DA:46,13
DA:47,3
DA:48,3
DA:49,1
DA:50,1
DA:52,10
DA:53,0
DA:54,10
DA:55,5
DA:56,5
DA:57,1
DA:58,1
DA:59,4
DA:60,1
DA:61,1
DA:64,13
DA:66,6
DA:67,1
DA:70,6
DA:71,1
DA:74,6
DA:75,13
DA:76,13
DA:77,13
LF:52
LH:50
BRDA:2,0,0,0
BRDA:9,1,0,2
BRDA:9,1,1,3
BRDA:11,2,0,2
BRDA:41,3,0,1
BRDA:41,3,1,13
BRDA:43,4,0,0
BRDA:43,4,1,1
BRDA:46,5,0,3
BRDA:46,5,1,10
BRDA:46,6,0,13
BRDA:46,6,1,12
BRDA:48,7,0,1
BRDA:52,8,0,0
BRDA:52,8,1,10
BRDA:52,9,0,10
BRDA:52,9,1,10
BRDA:54,10,0,5
BRDA:54,10,1,5
BRDA:54,11,0,10
BRDA:54,11,1,8
BRDA:56,12,0,1
BRDA:56,12,1,4
BRDA:56,13,0,5
BRDA:56,13,1,4
BRDA:59,14,0,1
BRDA:59,15,0,4
BRDA:59,15,1,3
BRDA:75,16,0,0
BRF:29
BRH:25
end_of_record
TN:
SF:src\ingredients\ingredients.service.ts
FN:11,(anonymous_4)
FN:17,(anonymous_5)
FN:21,(anonymous_6)
FN:26,(anonymous_7)
FN:33,(anonymous_8)
FN:36,(anonymous_9)
FN:40,(anonymous_10)
FNF:7
FNH:5
FNDA:2,(anonymous_4)
FNDA:1004,(anonymous_5)
FNDA:0,(anonymous_6)
FNDA:2,(anonymous_7)
FNDA:1,(anonymous_8)
FNDA:0,(anonymous_9)
FNDA:2,(anonymous_10)
DA:1,3
DA:2,3
DA:3,3
DA:6,3
DA:7,3
DA:10,3
DA:12,2
DA:13,2
DA:14,2
DA:18,1004
DA:22,0
DA:23,0
DA:27,2
DA:28,2
DA:29,0
DA:31,2
DA:34,1
DA:35,1
DA:36,0
DA:38,1
DA:41,2
DA:42,2
LF:22
LH:18
BRDA:28,0,0,0
BRDA:35,1,0,0
BRF:2
BRH:0
end_of_record
TN:
SF:src\ingredients\ingredientsSearch.service.ts
FN:10,(anonymous_4)
FN:15,(anonymous_5)
FN:24,(anonymous_6)
FN:32,(anonymous_7)
FN:46,(anonymous_8)
FN:49,(anonymous_9)
FN:50,(anonymous_10)
FN:11,(anonymous_11)
FNF:8
FNH:6
FNDA:2,(anonymous_4)
FNDA:0,(anonymous_5)
FNDA:2,(anonymous_6)
FNDA:2,(anonymous_7)
FNDA:3,(anonymous_8)
FNDA:2,(anonymous_9)
FNDA:1006,(anonymous_10)
FNDA:0,(anonymous_11)
DA:3,3
DA:4,3
DA:7,3
DA:8,2
DA:11,0
DA:12,2
DA:16,0
DA:25,2
DA:26,2
DA:27,2
DA:28,2
DA:33,2
DA:45,2
DA:46,3
DA:50,1006
LF:15
LH:13
BRF:0
BRH:0
end_of_record
TN:
SF:src\initializer\initializer.service.ts
FN:30,(anonymous_23)
FN:37,(anonymous_24)
FN:54,(anonymous_25)
FN:85,(anonymous_26)
FN:86,(anonymous_27)
FN:91,(anonymous_28)
FN:94,(anonymous_29)
FN:103,(anonymous_30)
FN:130,(anonymous_31)
FN:137,(anonymous_33)
FN:140,(anonymous_34)
FN:156,(anonymous_35)
FN:177,(anonymous_36)
FN:178,(anonymous_37)
FNF:14
FNH:12
FNDA:2,(anonymous_23)
FNDA:0,(anonymous_24)
FNDA:1,(anonymous_25)
FNDA:2,(anonymous_26)
FNDA:2,(anonymous_27)
FNDA:2008,(anonymous_28)
FNDA:2,(anonymous_29)
FNDA:3,(anonymous_30)
FNDA:1,(anonymous_31)
FNDA:1,(anonymous_33)
FNDA:0,(anonymous_34)
FNDA:6,(anonymous_35)
FNDA:2,(anonymous_36)
FNDA:8,(anonymous_37)
DA:1,2
DA:2,2
DA:3,2
DA:4,2
DA:6,2
DA:7,2
DA:9,2
DA:10,2
DA:11,2
DA:12,2
DA:29,2
DA:31,2
DA:32,2
DA:33,2
DA:34,2
DA:36,2
DA:38,0
DA:39,0
DA:40,0
DA:41,0
DA:42,0
DA:43,0
DA:44,0
DA:45,0
DA:48,0
DA:49,0
DA:50,0
DA:51,0
DA:55,1
DA:56,1
DA:57,1
DA:58,1
DA:60,1
DA:64,1
DA:65,1
DA:66,1
DA:76,1
DA:77,1004
DA:79,1004
DA:82,1
DA:86,2
DA:87,2
DA:88,2
DA:89,2
DA:92,2008
DA:95,2
DA:98,0
DA:104,3
DA:105,3
DA:106,3
DA:107,3
DA:109,3
DA:111,3
DA:113,3
DA:114,3
DA:115,3
DA:116,3
DA:127,3
DA:131,1
DA:132,228
DA:133,228
DA:141,0
DA:147,1
DA:148,1
DA:150,1
DA:152,1
DA:153,1
DA:156,6
DA:164,1
DA:165,1
DA:172,0
DA:173,0
DA:178,2
DA:179,8
DA:180,8
LF:75
LH:59
BRDA:41,0,0,0
BRDA:60,1,0,1
BRDA:61,2,0,1
BRDA:61,2,1,1
BRDA:62,3,0,0
BRDA:62,3,1,1
BRDA:62,4,0,1
BRDA:62,4,1,1
BRDA:111,5,0,3
BRDA:111,5,1,1
BRDA:112,6,0,1
BRDA:112,6,1,0
BRDA:112,7,0,1
BRDA:112,7,1,0
BRDA:113,8,0,3
BRDA:130,9,0,0
BRDA:140,10,0,0
BRDA:182,11,0,8
BRDA:182,11,1,0
BRF:19
BRH:12
end_of_record
TN:
SF:src\preferences\preferences.service.ts
FN:7,(anonymous_2)
FN:9,(anonymous_3)
FN:12,(anonymous_4)
FN:29,(anonymous_5)
FN:37,(anonymous_6)
FNF:5
FNH:4
FNDA:3,(anonymous_2)
FNDA:1,(anonymous_3)
FNDA:0,(anonymous_4)
FNDA:5,(anonymous_5)
FNDA:2,(anonymous_6)
DA:1,4
DA:3,4
DA:6,4
DA:7,3
DA:10,1
DA:11,1
DA:12,1
DA:13,0
DA:14,0
DA:16,1
DA:18,1
DA:20,1
DA:21,1
DA:23,0
DA:25,0
DA:30,5
DA:31,5
DA:33,0
DA:38,2
LF:19
LH:14
BRF:0
BRH:0
end_of_record
TN:
SF:src\prisma\prisma.service.ts
FN:7,(anonymous_2)
FNF:1
FNH:1
FNDA:6,(anonymous_2)
DA:1,10
DA:2,10
DA:3,10
DA:6,10
DA:7,6
DA:8,6
LF:6
LH:6
BRF:0
BRH:0
end_of_record
TN:
SF:src\recipes\recipes.service.ts
FN:14,(anonymous_4)
FN:22,(anonymous_5)
FN:30,(anonymous_6)
FN:35,(anonymous_7)
FN:41,(anonymous_8)
FN:53,(anonymous_9)
FN:104,(anonymous_10)
FN:109,(anonymous_11)
FN:116,(anonymous_12)
FN:123,(anonymous_13)
FN:135,(anonymous_14)
FN:154,(anonymous_15)
FN:162,(anonymous_16)
FN:197,(anonymous_17)
FN:201,(anonymous_18)
FN:204,(anonymous_19)
FN:213,(anonymous_20)
FN:214,(anonymous_21)
FN:216,(anonymous_22)
FNF:19
FNH:10
FNDA:4,(anonymous_4)
FNDA:0,(anonymous_5)
FNDA:0,(anonymous_6)
FNDA:0,(anonymous_7)
FNDA:0,(anonymous_8)
FNDA:5,(anonymous_9)
FNDA:20,(anonymous_10)
FNDA:4,(anonymous_11)
FNDA:5,(anonymous_12)
FNDA:16,(anonymous_13)
FNDA:0,(anonymous_14)
FNDA:0,(anonymous_15)
FNDA:0,(anonymous_16)
FNDA:0,(anonymous_17)
FNDA:1,(anonymous_18)
FNDA:0,(anonymous_19)
FNDA:1,(anonymous_20)
FNDA:3,(anonymous_21)
FNDA:6,(anonymous_22)
DA:1,3
DA:2,3
DA:3,3
DA:4,3
DA:7,3
DA:9,3
DA:10,3
DA:13,3
DA:15,4
DA:16,4
DA:17,4
DA:18,4
DA:19,4
DA:23,0
DA:24,0
DA:26,0
DA:31,0
DA:32,0
DA:36,0
DA:37,0
DA:38,0
DA:42,0
DA:50,0
DA:59,5
DA:60,5
DA:61,5
DA:63,5
DA:77,5
DA:84,5
DA:103,5
DA:105,20
DA:109,4
DA:110,1
DA:112,20
DA:116,5
DA:117,1
DA:119,20
DA:123,16
DA:124,4
DA:127,20
DA:132,5
DA:136,0
DA:138,0
DA:139,0
DA:140,0
DA:143,0
DA:148,0
DA:149,0
DA:152,0
DA:153,0
DA:154,0
DA:156,0
DA:158,0
DA:159,0
DA:163,0
DA:164,0
DA:167,0
DA:168,0
DA:169,0
DA:170,0
DA:171,0
DA:173,0
DA:175,0
DA:176,0
DA:178,0
DA:180,0
DA:183,0
DA:185,0
DA:186,0
DA:187,0
DA:189,0
DA:190,0
DA:192,0
DA:193,0
DA:198,0
DA:202,1
DA:205,0
DA:206,0
DA:208,0
DA:209,0
DA:214,3
DA:216,6
LF:82
LH:34
BRDA:32,0,0,0
BRDA:32,0,1,0
BRDA:44,1,0,0
BRDA:44,1,1,0
BRDA:45,2,0,0
BRDA:45,2,1,0
BRDA:46,3,0,0
BRDA:46,3,1,0
BRDA:47,4,0,0
BRDA:47,4,1,0
BRDA:48,5,0,0
BRDA:48,5,1,0
BRDA:105,6,0,1
BRDA:106,7,0,20
BRDA:106,7,1,20
BRDA:109,8,0,4
BRDA:109,8,1,3
BRDA:109,8,2,2
BRDA:112,9,0,1
BRDA:113,10,0,20
BRDA:113,10,1,19
BRDA:116,11,0,5
BRDA:116,11,1,2
BRDA:119,12,0,4
BRDA:120,13,0,20
BRDA:120,13,1,16
BRDA:132,14,0,5
BRDA:132,14,1,0
BRDA:138,15,0,0
BRDA:145,16,0,0
BRDA:145,16,1,0
BRDA:148,17,0,0
BRDA:167,18,0,0
BRDA:167,18,1,0
BRDA:170,19,0,0
BRDA:189,20,0,0
BRF:36
BRH:15
end_of_record
TN:
SF:src\recipes\recipesFilter.service.ts
FN:28,(anonymous_2)
FN:30,(anonymous_3)
FN:34,(anonymous_4)
FNF:3
FNH:2
FNDA:2,(anonymous_2)
FNDA:4,(anonymous_3)
FNDA:0,(anonymous_4)
DA:1,5
DA:3,5
DA:18,5
DA:27,5
DA:28,2
DA:33,4
DA:34,4
DA:35,4
DA:36,4
DA:69,4
DA:71,0
LF:11
LH:10
BRDA:38,0,0,0
BRDA:38,0,1,4
BRF:2
BRH:1
end_of_record
TN:
SF:src\recipes\recipesSearch.service.ts
FN:35,(anonymous_4)
FN:40,(anonymous_5)
FN:46,(anonymous_6)
FN:67,(anonymous_7)
FN:82,(anonymous_8)
FN:85,(anonymous_9)
FN:99,(anonymous_10)
FN:102,(anonymous_11)
FN:127,(anonymous_12)
FN:36,(anonymous_13)
FNF:10
FNH:1
FNDA:1,(anonymous_4)
FNDA:0,(anonymous_5)
FNDA:0,(anonymous_6)
FNDA:0,(anonymous_7)
FNDA:0,(anonymous_8)
FNDA:0,(anonymous_9)
FNDA:0,(anonymous_10)
FNDA:0,(anonymous_11)
FNDA:0,(anonymous_12)
FNDA:0,(anonymous_13)
DA:3,3
DA:4,3
DA:32,3
DA:33,1
DA:36,0
DA:37,1
DA:41,0
DA:42,0
DA:43,0
DA:44,0
DA:46,0
DA:61,0
DA:63,0
DA:68,0
DA:82,0
DA:86,0
DA:98,0
DA:99,0
DA:103,0
DA:104,0
DA:126,0
DA:127,0
LF:22
LH:5
BRDA:43,0,0,0
BRF:1
BRH:0
end_of_record
TN:
SF:src\recipes\recipesUploadImage.service.ts
FN:8,(anonymous_1)
FN:27,(anonymous_2)
FN:48,(anonymous_3)
FN:70,(anonymous_4)
FN:78,(anonymous_5)
FNF:5
FNH:3
FNDA:0,(anonymous_1)
FNDA:0,(anonymous_2)
FNDA:1,(anonymous_3)
FNDA:1,(anonymous_4)
FNDA:1,(anonymous_5)
DA:1,4
DA:2,4
DA:3,4
DA:4,4
DA:7,4
DA:10,0
DA:13,0
DA:16,0
DA:18,0
DA:19,0
DA:20,0
DA:22,0
DA:23,0
DA:28,0
DA:34,0
DA:39,0
DA:40,0
DA:41,0
DA:43,0
DA:44,0
DA:49,1
DA:50,1
DA:51,1
DA:54,1
DA:55,1
DA:56,1
DA:59,1
DA:64,1
DA:66,0
DA:71,1
DA:79,1
LF:31
LH:15
BRF:0
BRH:0
end_of_record
TN:
SF:src\users\users.service.ts
FN:14,(anonymous_3)
FN:15,(anonymous_4)
FN:29,(anonymous_5)
FN:42,(anonymous_6)
FN:50,(anonymous_7)
FN:54,(anonymous_8)
FN:77,(anonymous_9)
FNF:7
FNH:4
FNDA:1,(anonymous_3)
FNDA:2,(anonymous_4)
FNDA:0,(anonymous_5)
FNDA:1,(anonymous_6)
FNDA:0,(anonymous_7)
FNDA:1,(anonymous_8)
FNDA:0,(anonymous_9)
DA:1,1
DA:2,1
DA:3,1
DA:4,1
DA:6,1
DA:13,1
DA:14,1
DA:17,2
DA:18,2
DA:19,0
DA:22,2
DA:23,2
DA:25,0
DA:30,0
DA:31,0
DA:32,0
DA:34,0
DA:43,1
DA:44,1
DA:46,0
DA:51,0
DA:55,1
DA:56,1
DA:57,1
DA:58,0
DA:62,1
DA:64,1
DA:65,0
DA:69,1
DA:70,1
DA:72,0
DA:78,0
DA:79,0
DA:81,0
LF:34
LH:20
BRDA:18,0,0,0
BRDA:31,1,0,0
BRDA:57,2,0,0
BRDA:64,3,0,0
BRF:4
BRH:0
end_of_record
TN:
SF:src\weekplan\weekplan.service.ts
FN:14,(anonymous_2)
FN:20,(anonymous_3)
FN:23,(anonymous_4)
FN:40,(anonymous_5)
FN:45,(anonymous_6)
FN:48,(anonymous_7)
FN:61,(anonymous_8)
FN:67,(anonymous_9)
FN:90,(anonymous_10)
FN:94,(anonymous_11)
FN:104,(anonymous_12)
FN:135,(anonymous_13)
FN:154,(anonymous_14)
FN:168,(anonymous_15)
FN:205,(anonymous_16)
FN:210,(anonymous_17)
FN:250,(anonymous_18)
FN:261,(anonymous_19)
FN:281,(anonymous_20)
FN:290,(anonymous_21)
FN:307,(anonymous_22)
FN:313,(anonymous_23)
FN:317,(anonymous_24)
FN:328,(anonymous_25)
FN:330,(anonymous_26)
FN:335,(anonymous_27)
FN:339,(anonymous_28)
FNF:27
FNH:23
FNDA:11,(anonymous_2)
FNDA:1,(anonymous_3)
FNDA:2,(anonymous_4)
FNDA:0,(anonymous_5)
FNDA:1,(anonymous_6)
FNDA:0,(anonymous_7)
FNDA:8,(anonymous_8)
FNDA:50,(anonymous_9)
FNDA:42,(anonymous_10)
FNDA:2,(anonymous_11)
FNDA:1,(anonymous_12)
FNDA:3,(anonymous_13)
FNDA:0,(anonymous_14)
FNDA:4,(anonymous_15)
FNDA:3,(anonymous_16)
FNDA:0,(anonymous_17)
FNDA:6,(anonymous_18)
FNDA:42,(anonymous_19)
FNDA:1,(anonymous_20)
FNDA:6,(anonymous_21)
FNDA:2,(anonymous_22)
FNDA:1,(anonymous_23)
FNDA:1,(anonymous_24)
FNDA:5,(anonymous_25)
FNDA:16,(anonymous_26)
FNDA:52,(anonymous_27)
FNDA:5,(anonymous_28)
DA:2,2
DA:5,2
DA:6,2
DA:8,2
DA:10,2
DA:13,2
DA:15,11
DA:16,11
DA:17,11
DA:21,1
DA:22,1
DA:23,1
DA:24,2
DA:25,2
DA:26,2
DA:27,2
DA:29,0
DA:31,1
DA:33,0
DA:41,0
DA:42,0
DA:46,1
DA:47,1
DA:48,1
DA:49,0
DA:55,1
DA:57,0
DA:62,8
DA:67,50
DA:90,42
DA:91,8
DA:95,2
DA:97,2
DA:98,0
DA:100,2
DA:105,1
DA:106,1
DA:107,1
DA:108,1
DA:109,0
DA:110,0
DA:112,0
DA:113,0
DA:117,1
DA:118,1
DA:119,1
DA:120,0
DA:122,0
DA:126,0
DA:129,1
DA:131,1
DA:136,3
DA:137,3
DA:138,3
DA:139,3
DA:140,3
DA:141,0
DA:142,0
DA:144,3
DA:145,3
DA:146,3
DA:149,0
DA:151,3
DA:155,0
DA:156,0
DA:157,0
DA:158,0
DA:159,0
DA:160,0
DA:163,0
DA:165,0
DA:174,4
DA:175,4
DA:176,4
DA:178,4
DA:182,4
DA:184,4
DA:190,4
DA:196,4
DA:198,4
DA:200,0
DA:201,0
DA:206,3
DA:211,0
DA:212,0
DA:213,0
DA:217,0
DA:218,0
DA:220,0
DA:221,0
DA:222,0
DA:227,0
DA:229,0
DA:230,0
DA:231,0
DA:236,0
DA:240,0
DA:241,0
DA:242,0
DA:244,0
DA:246,0
DA:257,6
DA:258,6
DA:259,6
DA:260,6
DA:261,6
DA:262,42
DA:263,42
DA:264,42
DA:267,42
DA:268,42
DA:269,42
DA:271,42
DA:272,42
DA:273,42
DA:276,42
DA:278,6
DA:282,1
DA:283,1
DA:284,1
DA:291,6
DA:292,6
DA:293,5
DA:294,5
DA:295,5
DA:296,5
DA:297,5
DA:298,5
DA:300,1
DA:301,1
DA:302,1
DA:303,1
DA:308,2
DA:309,2
DA:310,2
DA:314,1
DA:315,0
DA:317,1
DA:318,1
DA:319,1
DA:321,1
DA:322,1
DA:324,1
DA:329,5
DA:330,16
DA:332,5
DA:333,4
DA:335,52
DA:337,5
DA:345,5
LF:150
LH:104
BRDA:20,0,0,0
BRDA:24,1,0,2
BRDA:24,2,0,2
BRDA:24,2,1,2
BRDA:27,3,0,2
BRDA:27,3,1,1
BRDA:70,4,0,50
BRDA:70,4,1,50
BRDA:79,5,0,50
BRDA:79,5,1,50
BRDA:97,6,0,0
BRDA:104,7,0,0
BRDA:108,8,0,0
BRDA:109,9,0,0
BRDA:109,9,1,0
BRDA:119,10,0,0
BRDA:140,11,0,0
BRDA:140,11,1,3
BRDA:158,12,0,0
BRDA:172,13,0,3
BRDA:212,14,0,0
BRDA:212,14,1,0
BRDA:217,15,0,0
BRDA:220,16,0,0
BRDA:220,16,1,0
BRDA:221,17,0,0
BRDA:221,17,1,0
BRDA:229,18,0,0
BRDA:230,19,0,0
BRDA:230,19,1,0
BRDA:240,20,0,0
BRDA:255,21,0,4
BRDA:267,22,0,42
BRDA:267,23,0,42
BRDA:267,23,1,42
BRDA:268,24,0,42
BRDA:268,24,1,0
BRDA:268,25,0,0
BRDA:268,25,1,42
BRDA:268,26,0,42
BRDA:268,26,1,42
BRDA:271,27,0,42
BRDA:271,28,0,42
BRDA:271,28,1,42
BRDA:272,29,0,42
BRDA:272,29,1,0
BRDA:272,30,0,0
BRDA:272,30,1,42
BRDA:272,31,0,42
BRDA:272,31,1,42
BRDA:290,32,0,5
BRDA:292,33,0,5
BRDA:292,33,1,1
BRDA:314,34,0,0
BRDA:318,35,0,1
BRDA:318,36,0,0
BRDA:318,36,1,1
BRDA:318,37,0,1
BRDA:318,37,1,1
BRDA:321,38,0,1
BRDA:321,39,0,0
BRDA:321,39,1,1
BRDA:321,40,0,1
BRDA:321,40,1,1
BRDA:329,41,0,1
BRDA:332,42,0,4
BRF:66
BRH:39
end_of_record
TN:
SF:tests\test.util.ts
FN:24,setupPGTestContainer
FN:41,setupPrismaService
FN:53,setupElasticSearchService
FN:81,seedDatabase
FN:101,seedWithRecipes
FN:114,(anonymous_5)
FN:133,seedWithUsers
FN:148,seedWithPreferences
FN:162,seedWithIngredients
FN:196,seedWithWeekplan
FN:207,(anonymous_10)
FNF:11
FNH:11
FNDA:6,setupPGTestContainer
FNDA:6,setupPrismaService
FNDA:2,setupElasticSearchService
FNDA:5,seedDatabase
FNDA:5,seedWithRecipes
FNDA:10,(anonymous_5)
FNDA:5,seedWithUsers
FNDA:5,seedWithPreferences
FNDA:5,seedWithIngredients
FNDA:5,seedWithWeekplan
FNDA:5,(anonymous_10)
DA:1,6
DA:2,6
DA:3,6
DA:4,6
DA:5,6
DA:6,6
DA:7,6
DA:9,6
DA:10,6
DA:12,6
DA:14,6
DA:16,6
DA:25,6
DA:38,6
DA:41,6
DA:42,6
DA:43,6
DA:44,6
DA:47,6
DA:48,6
DA:49,6
DA:50,6
DA:53,6
DA:54,2
DA:55,2
DA:56,2
DA:61,2
DA:62,2
DA:69,2
DA:70,2
DA:81,6
DA:82,5
DA:83,5
DA:84,5
DA:85,5
DA:86,5
DA:87,5
DA:88,0
DA:89,0
DA:90,0
DA:91,0
DA:92,0
DA:93,0
DA:94,0
DA:95,0
DA:96,0
DA:97,0
DA:102,5
DA:114,10
DA:134,5
DA:142,5
DA:145,5
DA:149,5
DA:163,5
DA:193,5
DA:197,5
DA:198,5
DA:207,5
LF:58
LH:48
BRDA:41,0,0,1
BRDA:81,1,0,0
BRDA:82,2,0,5
BRDA:82,2,1,0
BRDA:88,3,0,0
BRDA:88,3,1,0
BRDA:90,4,0,0
BRDA:90,4,1,0
BRDA:93,5,0,0
BRDA:93,5,1,0
BRDA:95,6,0,0
BRDA:101,7,0,0
BRF:12
BRH:2
end_of_record
